OK 0, 0, 90
OK 0, 6, 90
OK 0, 6, 84
OK 0, 6, 84
OK 1, 12, 84
OK 1, 12, 78
OK 1, 12, 78
OK 2, 18, 78
OK 2, 18, 72
OK 2, 18, 72
OK 4, 24, 72
OK 4, 24, 66
OK 4, 24, 66
OK 6, 29, 66
OK 6, 29, 60
OK 6, 29, 60
OK 9, 34, 60
OK 9, 34, 54
OK 9, 34, 54
OK 13, 39, 54
OK 13, 39, 48
OK 13, 39, 48
OK 17, 43, 48
OK 17, 43, 42
OK 17, 43, 42
OK 21, 47, 42
OK 21, 47, 36
OK 21, 47, 36
OK 26, 51, 36
OK 26, 51, 30
OK 26, 51, 30
OK 31, 54, 30
OK 31, 54, 24
OK 31, 54, 24
OK 36, 56, 24
OK 36, 56, 18
OK 36, 56, 18
OK 42, 58, 18
OK 42, 58, 12
OK 42, 58, 12
OK 48, 59, 12
OK 48, 59, 6
OK 48, 59, 6
OK 54, 60, 6
OK 54, 60, 0
OK 54, 60, 0
OK 60, 60, 0
OK 60, 60, 354
OK 60, 60, 354
OK 66, 59, 354
OK 66, 59, 348
OK 66, 59, 348
OK 72, 58, 348
OK 72, 58, 342
OK 72, 58, 342
OK 78, 56, 342
OK 78, 56, 336
OK 78, 56, 336
OK 83, 54, 336
OK 83, 54, 330
OK 83, 54, 330
OK 88, 51, 330
OK 88, 51, 324
OK 88, 51, 324
OK 93, 47, 324
OK 93, 47, 318
OK 93, 47, 318
OK 97, 43, 318
OK 97, 43, 312
OK 97, 43, 312
OK 101, 39, 312
OK 101, 39, 306
OK 101, 39, 306
OK 105, 34, 306
OK 105, 34, 300
OK 105, 34, 300
OK 108, 29, 300
OK 108, 29, 294
OK 108, 29, 294
OK 110, 24, 294
OK 110, 24, 288
OK 110, 24, 288
OK 112, 18, 288
OK 112, 18, 282
OK 112, 18, 282
OK 113, 12, 282
OK 113, 12, 276
OK 113, 12, 276
OK 114, 6, 276
OK 114, 6, 270
OK 114, 6, 270
OK 114, 0, 270
OK 114, 0, 264
OK 114, 0, 264
OK 113, -6, 264
OK 113, -6, 258
OK 113, -6, 258
OK 112, -12, 258
OK 112, -12, 252
OK 112, -12, 252
OK 110, -18, 252
OK 110, -18, 246
OK 110, -18, 246
OK 108, -23, 246
OK 108, -23, 240
OK 108, -23, 240
OK 105, -28, 240
OK 105, -28, 234
OK 105, -28, 234
OK 101, -33, 234
OK 101, -33, 228
OK 101, -33, 228
OK 97, -37, 228
OK 97, -37, 222
OK 97, -37, 222
OK 93, -41, 222
OK 93, -41, 216
OK 93, -41, 216
OK 88, -45, 216
OK 88, -45, 210
OK 88, -45, 210
OK 83, -48, 210
OK 83, -48, 204
OK 83, -48, 204
OK 78, -50, 204
OK 78, -50, 198
OK 78, -50, 198
OK 72, -52, 198
OK 72, -52, 192
OK 72, -52, 192
OK 66, -53, 192
OK 66, -53, 186
OK 66, -53, 186
OK 60, -54, 186
OK 60, -54, 180
OK 60, -54, 180
OK 54, -54, 180
OK 54, -54, 174
OK 54, -54, 174
OK 48, -53, 174
OK 48, -53, 168
OK 48, -53, 168
OK 42, -52, 168
OK 42, -52, 162
OK 42, -52, 162
OK 36, -50, 162
OK 36, -50, 156
OK 36, -50, 156
OK 31, -48, 156
OK 31, -48, 150
OK 31, -48, 150
OK 26, -45, 150
OK 26, -45, 144
OK 26, -45, 144
OK 21, -41, 144
OK 21, -41, 138
OK 21, -41, 138
OK 17, -37, 138
OK 17, -37, 132
OK 17, -37, 132
OK 13, -33, 132
OK 13, -33, 126
OK 13, -33, 126
OK 9, -28, 126
OK 9, -28, 120
OK 9, -28, 120
OK 6, -23, 120
OK 6, -23, 114
OK 6, -23, 114
OK 4, -18, 114
OK 4, -18, 108
OK 4, -18, 108
OK 2, -12, 108
OK 2, -12, 102
OK 2, -12, 102
OK 1, -6, 102
OK 1, -6, 96
OK 1, -6, 96
OK 0, 0, 96
OK 0, 0, 90
OK 0, 0, 90
OK 0, 6, 90
OK 0, 6, 84
OK 0, 6, 84
OK 1, 12, 84
OK 1, 12, 78
OK 1, 12, 78
OK 2, 18, 78
OK 2, 18, 72
OK 2, 18, 72
OK 4, 24, 72
OK 4, 24, 66
OK 4, 24, 66
OK 6, 29, 66
OK 6, 29, 60
OK 6, 29, 60
OK 9, 34, 60
OK 9, 34, 54
OK 9, 34, 54
OK 13, 39, 54
OK 13, 39, 48
OK 13, 39, 48
OK 17, 43, 48
OK 17, 43, 42
OK 17, 43, 42
OK 21, 47, 42
OK 21, 47, 36
OK 21, 47, 36
OK 26, 51, 36
OK 26, 51, 30
OK 26, 51, 30
OK 31, 54, 30
OK 31, 54, 24
OK 31, 54, 24
OK 36, 56, 24
OK 36, 56, 18
OK 36, 56, 18
OK 42, 58, 18
OK 42, 58, 12
OK 42, 58, 12
OK 48, 59, 12
OK 48, 59, 6
OK 48, 59, 6
OK 54, 60, 6
OK 54, 60, 0
OK 54, 60, 0
OK 60, 60, 0
OK 60, 60, 354
OK 60, 60, 354
OK 66, 59, 354
OK 66, 59, 348
OK 66, 59, 348
OK 72, 58, 348
OK 72, 58, 342
OK 72, 58, 342
OK 78, 56, 342
OK 78, 56, 336
OK 78, 56, 336
OK 83, 54, 336
OK 83, 54, 330
OK 83, 54, 330
OK 88, 51, 330
OK 88, 51, 324
OK 88, 51, 324
OK 93, 47, 324
OK 93, 47, 318
OK 93, 47, 318
OK 97, 43, 318
OK 97, 43, 312
OK 97, 43, 312
OK 101, 39, 312
OK 101, 39, 306
OK 101, 39, 306
OK 105, 34, 306
OK 105, 34, 300
OK 105, 34, 300
OK 108, 29, 300
OK 108, 29, 294
OK 108, 29, 294
OK 110, 24, 294
OK 110, 24, 288
OK 110, 24, 288
OK 112, 18, 288
OK 112, 18, 282
OK 112, 18, 282
OK 113, 12, 282
OK 113, 12, 276
OK 113, 12, 276
OK 114, 6, 276
OK 114, 6, 270
OK 114, 6, 270
OK 114, 0, 270
OK 114, 0, 264
OK 114, 0, 264
OK 113, -6, 264
OK 113, -6, 258
OK 113, -6, 258
OK 112, -12, 258
OK 112, -12, 252
OK 112, -12, 252
OK 110, -18, 252
OK 110, -18, 246
OK 110, -18, 246
OK 108, -23, 246
OK 108, -23, 240
OK 108, -23, 240
OK 105, -28, 240
OK 105, -28, 234
OK 105, -28, 234
OK 101, -33, 234
OK 101, -33, 228
OK 101, -33, 228
OK 97, -37, 228
OK 97, -37, 222
OK 97, -37, 222
OK 93, -41, 222
OK 93, -41, 216
OK 93, -41, 216
OK 88, -45, 216
OK 88, -45, 210
OK 88, -45, 210
