OK 8, 8, 90
ERROR LINE 4: TURN has 2 parameters, you wrote 1
OK 8, 8, 90
ERROR LINE 6: TURN has 2 parameters, you wrote 1
OK 8, 14, 90
OK 8, 14, 90
ERROR LINE 6: TURN has 2 parameters, you wrote 1
OK 8, 20, 90
OK 8, 20, 90
ERROR LINE 6: TURN has 2 parameters, you wrote 1
OK 8, 26, 90
OK 8, 26, 90
ERROR LINE 6: TURN has 2 parameters, you wrote 1
OK 8, 32, 90
OK 8, 32, 90
ERROR LINE 6: TURN has 2 parameters, you wrote 1
OK 8, 38, 90
OK 8, 38, 90
ERROR LINE 6: TURN has 2 parameters, you wrote 1
OK 8, 44, 90
OK 8, 44, 90
ERROR LINE 6: TURN has 2 parameters, you wrote 1
OK 8, 50, 90
OK 8, 50, 90
ERROR LINE 6: TURN has 2 parameters, you wrote 1
OK 8, 56, 90
OK 8, 56, 90
ERROR LINE 6: TURN has 2 parameters, you wrote 1
OK 8, 62, 90
OK 8, 62, 90
ERROR LINE 6: TURN has 2 parameters, you wrote 1
OK 8, 68, 90
OK 8, 68, 90
ERROR LINE 6: TURN has 2 parameters, you wrote 1
OK 8, 74, 90
OK 8, 74, 90
ERROR LINE 6: TURN has 2 parameters, you wrote 1
OK 8, 80, 90
OK 8, 80, 90
ERROR LINE 6: TURN has 2 parameters, you wrote 1
OK 8, 86, 90
OK 8, 86, 90
ERROR LINE 6: TURN has 2 parameters, you wrote 1
OK 8, 92, 90
OK 8, 92, 90
ERROR LINE 6: TURN has 2 parameters, you wrote 1
OK 8, 98, 90
OK 8, 98, 90
ERROR LINE 6: TURN has 2 parameters, you wrote 1
OK 8, 104, 90
OK 8, 104, 90
ERROR LINE 6: TURN has 2 parameters, you wrote 1
OK 8, 110, 90
OK 8, 110, 90
ERROR LINE 6: TURN has 2 parameters, you wrote 1
OK 8, 116, 90
OK 8, 116, 90
ERROR LINE 6: TURN has 2 parameters, you wrote 1
OK 8, 122, 90
OK 8, 122, 90
ERROR LINE 6: TURN has 2 parameters, you wrote 1
OK 8, 128, 90
OK 8, 128, 90
ERROR LINE 6: TURN has 2 parameters, you wrote 1
OK 8, 134, 90
OK 8, 134, 90
ERROR LINE 6: TURN has 2 parameters, you wrote 1
OK 8, 140, 90
OK 8, 140, 90
ERROR LINE 6: TURN has 2 parameters, you wrote 1
OK 8, 146, 90
OK 8, 146, 90
ERROR LINE 6: TURN has 2 parameters, you wrote 1
OK 8, 152, 90
OK 8, 152, 90
ERROR LINE 6: TURN has 2 parameters, you wrote 1
OK 8, 158, 90
OK 8, 158, 90
ERROR LINE 6: TURN has 2 parameters, you wrote 1
OK 8, 164, 90
OK 8, 164, 90
ERROR LINE 6: TURN has 2 parameters, you wrote 1
OK 8, 170, 90
OK 8, 170, 90
ERROR LINE 6: TURN has 2 parameters, you wrote 1
OK 8, 176, 90
OK 8, 176, 90
ERROR LINE 6: TURN has 2 parameters, you wrote 1
OK 8, 182, 90
OK 8, 182, 90
ERROR LINE 6: TURN has 2 parameters, you wrote 1
OK 8, 188, 90
OK 8, 188, 90
ERROR LINE 6: TURN has 2 parameters, you wrote 1
OK 8, 194, 90
OK 8, 194, 90
ERROR LINE 6: TURN has 2 parameters, you wrote 1
OK 8, 200, 90
OK 8, 200, 90
ERROR LINE 6: TURN has 2 parameters, you wrote 1
OK 8, 206, 90
OK 8, 206, 90
ERROR LINE 6: TURN has 2 parameters, you wrote 1
OK 8, 212, 90
OK 8, 212, 90
ERROR LINE 6: TURN has 2 parameters, you wrote 1
OK 8, 218, 90
OK 8, 218, 90
ERROR LINE 6: TURN has 2 parameters, you wrote 1
OK 8, 224, 90
OK 8, 224, 90
ERROR LINE 6: TURN has 2 parameters, you wrote 1
OK 8, 230, 90
OK 8, 230, 90
ERROR LINE 6: TURN has 2 parameters, you wrote 1
OK 8, 236, 90
OK 8, 236, 90
ERROR LINE 6: TURN has 2 parameters, you wrote 1
OK 8, 242, 90
OK 8, 242, 90
ERROR LINE 6: TURN has 2 parameters, you wrote 1
OK 8, 248, 90
OK 8, 248, 90
ERROR LINE 6: TURN has 2 parameters, you wrote 1
OK 8, 254, 90
OK 8, 254, 90
ERROR LINE 6: TURN has 2 parameters, you wrote 1
OK 8, 260, 90
OK 8, 260, 90
ERROR LINE 6: TURN has 2 parameters, you wrote 1
OK 8, 266, 90
OK 8, 266, 90
ERROR LINE 6: TURN has 2 parameters, you wrote 1
OK 8, 272, 90
OK 8, 272, 90
ERROR LINE 6: TURN has 2 parameters, you wrote 1
OK 8, 278, 90
OK 8, 278, 90
ERROR LINE 6: TURN has 2 parameters, you wrote 1
OK 8, 284, 90
OK 8, 284, 90
ERROR LINE 6: TURN has 2 parameters, you wrote 1
OK 8, 290, 90
OK 8, 290, 90
ERROR LINE 6: TURN has 2 parameters, you wrote 1
OK 8, 296, 90
OK 8, 296, 90
ERROR LINE 6: TURN has 2 parameters, you wrote 1
OK 8, 302, 90
OK 8, 302, 90
ERROR LINE 6: TURN has 2 parameters, you wrote 1
OK 8, 308, 90
OK 8, 308, 90
OK 8, 308, 90
OK 8, 308, 97
OK 8, 308, 97
ERROR LINE 13: TURN has 2 parameters, you wrote 1
OK 6, 328, 97
OK 6, 328, 97
ERROR LINE 13: TURN has 2 parameters, you wrote 1
OK 4, 348, 97
OK 4, 348, 97
ERROR LINE 13: TURN has 2 parameters, you wrote 1
OK 2, 368, 97
OK 2, 368, 97
ERROR LINE 13: TURN has 2 parameters, you wrote 1
OK 0, 388, 97
OK 0, 388, 97
ERROR LINE 13: TURN has 2 parameters, you wrote 1
OK -2, 408, 97
OK -2, 408, 97
ERROR LINE 13: TURN has 2 parameters, you wrote 1
OK -4, 428, 97
OK -4, 428, 97
ERROR LINE 13: TURN has 2 parameters, you wrote 1
OK -6, 448, 97
OK -6, 448, 97
ERROR LINE 13: TURN has 2 parameters, you wrote 1
OK -8, 468, 97
OK -8, 468, 97
OK -6, 448, 97
OK -6, 448, 97
OK -6, 448, 104
OK -6, 448, 104
ERROR LINE 13: TURN has 2 parameters, you wrote 1
OK -11, 467, 104
OK -11, 467, 104
ERROR LINE 13: TURN has 2 parameters, you wrote 1
OK -16, 486, 104
OK -16, 486, 104
ERROR LINE 13: TURN has 2 parameters, you wrote 1
OK -21, 505, 104
OK -21, 505, 104
ERROR LINE 13: TURN has 2 parameters, you wrote 1
OK -26, 524, 104
OK -26, 524, 104
ERROR LINE 13: TURN has 2 parameters, you wrote 1
OK -31, 543, 104
OK -31, 543, 104
ERROR LINE 13: TURN has 2 parameters, you wrote 1
OK -36, 562, 104
OK -36, 562, 104
ERROR LINE 13: TURN has 2 parameters, you wrote 1
OK -41, 581, 104
OK -41, 581, 104
ERROR LINE 13: TURN has 2 parameters, you wrote 1
OK -46, 600, 104
OK -46, 600, 104
OK -41, 581, 104
OK -41, 581, 104
OK -41, 581, 111
OK -41, 581, 111
ERROR LINE 13: TURN has 2 parameters, you wrote 1
OK -48, 600, 111
OK -48, 600, 111
ERROR LINE 13: TURN has 2 parameters, you wrote 1
OK -55, 619, 111
OK -55, 619, 111
ERROR LINE 13: TURN has 2 parameters, you wrote 1
OK -62, 638, 111
OK -62, 638, 111
ERROR LINE 13: TURN has 2 parameters, you wrote 1
OK -69, 657, 111
OK -69, 657, 111
ERROR LINE 13: TURN has 2 parameters, you wrote 1
OK -76, 676, 111
OK -76, 676, 111
ERROR LINE 13: TURN has 2 parameters, you wrote 1
OK -83, 695, 111
OK -83, 695, 111
ERROR LINE 13: TURN has 2 parameters, you wrote 1
OK -90, 714, 111
OK -90, 714, 111
ERROR LINE 13: TURN has 2 parameters, you wrote 1
OK -97, 733, 111
OK -97, 733, 111
OK -90, 714, 111
OK -90, 714, 111
OK -90, 714, 118
OK -90, 714, 118
ERROR LINE 13: TURN has 2 parameters, you wrote 1
OK -99, 732, 118
OK -99, 732, 118
ERROR LINE 13: TURN has 2 parameters, you wrote 1
OK -108, 750, 118
OK -108, 750, 118
ERROR LINE 13: TURN has 2 parameters, you wrote 1
OK -117, 768, 118
OK -117, 768, 118
ERROR LINE 13: TURN has 2 parameters, you wrote 1
OK -126, 786, 118
OK -126, 786, 118
ERROR LINE 13: TURN has 2 parameters, you wrote 1
OK -135, 804, 118
OK -135, 804, 118
ERROR LINE 13: TURN has 2 parameters, you wrote 1
OK -144, 822, 118
OK -144, 822, 118
ERROR LINE 13: TURN has 2 parameters, you wrote 1
OK -153, 840, 118
OK -153, 840, 118
ERROR LINE 13: TURN has 2 parameters, you wrote 1
OK -162, 858, 118
OK -162, 858, 118
OK -153, 840, 118
OK -153, 840, 118
OK -153, 840, 125
OK -153, 840, 125
ERROR LINE 13: TURN has 2 parameters, you wrote 1
OK -164, 856, 125
OK -164, 856, 125
ERROR LINE 13: TURN has 2 parameters, you wrote 1
OK -175, 872, 125
OK -175, 872, 125
ERROR LINE 13: TURN has 2 parameters, you wrote 1
OK -186, 888, 125
OK -186, 888, 125
ERROR LINE 13: TURN has 2 parameters, you wrote 1
OK -197, 904, 125
OK -197, 904, 125
ERROR LINE 13: TURN has 2 parameters, you wrote 1
OK -208, 920, 125
OK -208, 920, 125
ERROR LINE 13: TURN has 2 parameters, you wrote 1
OK -219, 936, 125
OK -219, 936, 125
ERROR LINE 13: TURN has 2 parameters, you wrote 1
OK -230, 952, 125
OK -230, 952, 125
ERROR LINE 13: TURN has 2 parameters, you wrote 1
OK -241, 968, 125
OK -241, 968, 125
OK -230, 952, 125
OK -230, 952, 125
OK -230, 952, 132
OK -230, 952, 132
ERROR LINE 13: TURN has 2 parameters, you wrote 1
OK -243, 967, 132
OK -243, 967, 132
ERROR LINE 13: TURN has 2 parameters, you wrote 1
OK -256, 982, 132
OK -256, 982, 132
ERROR LINE 13: TURN has 2 parameters, you wrote 1
OK -269, 997, 132
OK -269, 997, 132
ERROR LINE 13: TURN has 2 parameters, you wrote 1
OK -282, 1012, 132
OK -282, 1012, 132
ERROR LINE 13: TURN has 2 parameters, you wrote 1
OK -295, 1027, 132
OK -295, 1027, 132
ERROR LINE 13: TURN has 2 parameters, you wrote 1
OK -308, 1042, 132
OK -308, 1042, 132
ERROR LINE 13: TURN has 2 parameters, you wrote 1
OK -321, 1057, 132
OK -321, 1057, 132
ERROR LINE 13: TURN has 2 parameters, you wrote 1
OK -334, 1072, 132
OK -334, 1072, 132
OK -321, 1057, 132
OK -321, 1057, 132
OK -321, 1057, 139
OK -321, 1057, 139
ERROR LINE 13: TURN has 2 parameters, you wrote 1
OK -336, 1070, 139
OK -336, 1070, 139
ERROR LINE 13: TURN has 2 parameters, you wrote 1
OK -351, 1083, 139
OK -351, 1083, 139
ERROR LINE 13: TURN has 2 parameters, you wrote 1
OK -366, 1096, 139
OK -366, 1096, 139
ERROR LINE 13: TURN has 2 parameters, you wrote 1
OK -381, 1109, 139
OK -381, 1109, 139
ERROR LINE 13: TURN has 2 parameters, you wrote 1
OK -396, 1122, 139
OK -396, 1122, 139
ERROR LINE 13: TURN has 2 parameters, you wrote 1
OK -411, 1135, 139
OK -411, 1135, 139
ERROR LINE 13: TURN has 2 parameters, you wrote 1
OK -426, 1148, 139
OK -426, 1148, 139
ERROR LINE 13: TURN has 2 parameters, you wrote 1
OK -441, 1161, 139
OK -441, 1161, 139
OK -426, 1148, 139
OK -426, 1148, 139
OK -426, 1148, 146
OK -426, 1148, 146
ERROR LINE 13: TURN has 2 parameters, you wrote 1
OK -443, 1159, 146
OK -443, 1159, 146
ERROR LINE 13: TURN has 2 parameters, you wrote 1
OK -460, 1170, 146
OK -460, 1170, 146
ERROR LINE 13: TURN has 2 parameters, you wrote 1
OK -477, 1181, 146
OK -477, 1181, 146
ERROR LINE 13: TURN has 2 parameters, you wrote 1
OK -494, 1192, 146
OK -494, 1192, 146
ERROR LINE 13: TURN has 2 parameters, you wrote 1
OK -511, 1203, 146
OK -511, 1203, 146
ERROR LINE 13: TURN has 2 parameters, you wrote 1
OK -528, 1214, 146
OK -528, 1214, 146
ERROR LINE 13: TURN has 2 parameters, you wrote 1
OK -545, 1225, 146
OK -545, 1225, 146
ERROR LINE 13: TURN has 2 parameters, you wrote 1
OK -562, 1236, 146
OK -562, 1236, 146
OK -545, 1225, 146
OK -545, 1225, 146
OK -545, 1225, 153
OK -545, 1225, 153
ERROR LINE 13: TURN has 2 parameters, you wrote 1
OK -563, 1234, 153
OK -563, 1234, 153
ERROR LINE 13: TURN has 2 parameters, you wrote 1
OK -581, 1243, 153
OK -581, 1243, 153
ERROR LINE 13: TURN has 2 parameters, you wrote 1
OK -599, 1252, 153
OK -599, 1252, 153
ERROR LINE 13: TURN has 2 parameters, you wrote 1
OK -617, 1261, 153
OK -617, 1261, 153
ERROR LINE 13: TURN has 2 parameters, you wrote 1
OK -635, 1270, 153
OK -635, 1270, 153
ERROR LINE 13: TURN has 2 parameters, you wrote 1
OK -653, 1279, 153
OK -653, 1279, 153
ERROR LINE 13: TURN has 2 parameters, you wrote 1
OK -671, 1288, 153
OK -671, 1288, 153
ERROR LINE 13: TURN has 2 parameters, you wrote 1
OK -689, 1297, 153
OK -689, 1297, 153
OK -671, 1288, 153
OK -671, 1288, 153
OK -671, 1288, 160
OK -671, 1288, 160
ERROR LINE 13: TURN has 2 parameters, you wrote 1
OK -690, 1295, 160
OK -690, 1295, 160
ERROR LINE 13: TURN has 2 parameters, you wrote 1
OK -709, 1302, 160
OK -709, 1302, 160
ERROR LINE 13: TURN has 2 parameters, you wrote 1
OK -728, 1309, 160
OK -728, 1309, 160
ERROR LINE 13: TURN has 2 parameters, you wrote 1
OK -747, 1316, 160
OK -747, 1316, 160
ERROR LINE 13: TURN has 2 parameters, you wrote 1
OK -766, 1323, 160
OK -766, 1323, 160
ERROR LINE 13: TURN has 2 parameters, you wrote 1
OK -785, 1330, 160
OK -785, 1330, 160
ERROR LINE 13: TURN has 2 parameters, you wrote 1
OK -804, 1337, 160
OK -804, 1337, 160
ERROR LINE 13: TURN has 2 parameters, you wrote 1
OK -823, 1344, 160
OK -823, 1344, 160
OK -804, 1337, 160
OK -804, 1337, 160
OK -804, 1337, 167
OK -804, 1337, 167
ERROR LINE 13: TURN has 2 parameters, you wrote 1
OK -823, 1341, 167
OK -823, 1341, 167
ERROR LINE 13: TURN has 2 parameters, you wrote 1
OK -842, 1345, 167
OK -842, 1345, 167
ERROR LINE 13: TURN has 2 parameters, you wrote 1
OK -861, 1349, 167
OK -861, 1349, 167
ERROR LINE 13: TURN has 2 parameters, you wrote 1
OK -880, 1353, 167
OK -880, 1353, 167
ERROR LINE 13: TURN has 2 parameters, you wrote 1
OK -899, 1357, 167
OK -899, 1357, 167
ERROR LINE 13: TURN has 2 parameters, you wrote 1
OK -918, 1361, 167
OK -918, 1361, 167
ERROR LINE 13: TURN has 2 parameters, you wrote 1
OK -937, 1365, 167
OK -937, 1365, 167
ERROR LINE 13: TURN has 2 parameters, you wrote 1
OK -956, 1369, 167
OK -956, 1369, 167
OK -937, 1365, 167
OK -937, 1365, 167
OK -937, 1365, 174
OK -937, 1365, 174
ERROR LINE 13: TURN has 2 parameters, you wrote 1
OK -957, 1367, 174
OK -957, 1367, 174
ERROR LINE 13: TURN has 2 parameters, you wrote 1
OK -977, 1369, 174
OK -977, 1369, 174
ERROR LINE 13: TURN has 2 parameters, you wrote 1
OK -997, 1371, 174
OK -997, 1371, 174
ERROR LINE 13: TURN has 2 parameters, you wrote 1
OK -1017, 1373, 174
OK -1017, 1373, 174
ERROR LINE 13: TURN has 2 parameters, you wrote 1
OK -1037, 1375, 174
OK -1037, 1375, 174
ERROR LINE 13: TURN has 2 parameters, you wrote 1
OK -1057, 1377, 174
OK -1057, 1377, 174
ERROR LINE 13: TURN has 2 parameters, you wrote 1
OK -1077, 1379, 174
OK -1077, 1379, 174
ERROR LINE 13: TURN has 2 parameters, you wrote 1
OK -1097, 1381, 174
OK -1097, 1381, 174
OK -1077, 1379, 174
OK -1077, 1379, 174
OK -1077, 1379, 181
OK -1077, 1379, 181
ERROR LINE 13: TURN has 2 parameters, you wrote 1
OK -1097, 1379, 181
OK -1097, 1379, 181
ERROR LINE 13: TURN has 2 parameters, you wrote 1
OK -1117, 1379, 181
OK -1117, 1379, 181
ERROR LINE 13: TURN has 2 parameters, you wrote 1
OK -1137, 1379, 181
OK -1137, 1379, 181
ERROR LINE 13: TURN has 2 parameters, you wrote 1
OK -1157, 1379, 181
OK -1157, 1379, 181
ERROR LINE 13: TURN has 2 parameters, you wrote 1
OK -1177, 1379, 181
OK -1177, 1379, 181
ERROR LINE 13: TURN has 2 parameters, you wrote 1
OK -1197, 1379, 181
OK -1197, 1379, 181
ERROR LINE 13: TURN has 2 parameters, you wrote 1
OK -1217, 1379, 181
OK -1217, 1379, 181
ERROR LINE 13: TURN has 2 parameters, you wrote 1
OK -1237, 1379, 181
OK -1237, 1379, 181
OK -1217, 1379, 181
OK -1217, 1379, 181
OK -1217, 1379, 188
OK -1217, 1379, 188
ERROR LINE 13: TURN has 2 parameters, you wrote 1
OK -1237, 1376, 188
OK -1237, 1376, 188
ERROR LINE 13: TURN has 2 parameters, you wrote 1
OK -1257, 1373, 188
OK -1257, 1373, 188
ERROR LINE 13: TURN has 2 parameters, you wrote 1
OK -1277, 1370, 188
OK -1277, 1370, 188
ERROR LINE 13: TURN has 2 parameters, you wrote 1
OK -1297, 1367, 188
OK -1297, 1367, 188
ERROR LINE 13: TURN has 2 parameters, you wrote 1
OK -1317, 1364, 188
OK -1317, 1364, 188
ERROR LINE 13: TURN has 2 parameters, you wrote 1
OK -1337, 1361, 188
OK -1337, 1361, 188
ERROR LINE 13: TURN has 2 parameters, you wrote 1
OK -1357, 1358, 188
OK -1357, 1358, 188
ERROR LINE 13: TURN has 2 parameters, you wrote 1
OK -1377, 1355, 188
OK -1377, 1355, 188
OK -1357, 1358, 188
OK -1357, 1358, 188
OK -1357, 1358, 195
OK -1357, 1358, 195
ERROR LINE 13: TURN has 2 parameters, you wrote 1
OK -1376, 1353, 195
OK -1376, 1353, 195
ERROR LINE 13: TURN has 2 parameters, you wrote 1
OK -1395, 1348, 195
OK -1395, 1348, 195
ERROR LINE 13: TURN has 2 parameters, you wrote 1
OK -1414, 1343, 195
OK -1414, 1343, 195
ERROR LINE 13: TURN has 2 parameters, you wrote 1
OK -1433, 1338, 195
OK -1433, 1338, 195
ERROR LINE 13: TURN has 2 parameters, you wrote 1
OK -1452, 1333, 195
OK -1452, 1333, 195
ERROR LINE 13: TURN has 2 parameters, you wrote 1
OK -1471, 1328, 195
OK -1471, 1328, 195
ERROR LINE 13: TURN has 2 parameters, you wrote 1
OK -1490, 1323, 195
OK -1490, 1323, 195
ERROR LINE 13: TURN has 2 parameters, you wrote 1
OK -1509, 1318, 195
OK -1509, 1318, 195
OK -1490, 1323, 195
OK -1490, 1323, 195
OK -1490, 1323, 202
OK -1490, 1323, 202
ERROR LINE 13: TURN has 2 parameters, you wrote 1
OK -1509, 1316, 202
OK -1509, 1316, 202
ERROR LINE 13: TURN has 2 parameters, you wrote 1
OK -1528, 1309, 202
OK -1528, 1309, 202
ERROR LINE 13: TURN has 2 parameters, you wrote 1
OK -1547, 1302, 202
OK -1547, 1302, 202
ERROR LINE 13: TURN has 2 parameters, you wrote 1
OK -1566, 1295, 202
OK -1566, 1295, 202
ERROR LINE 13: TURN has 2 parameters, you wrote 1
OK -1585, 1288, 202
OK -1585, 1288, 202
ERROR LINE 13: TURN has 2 parameters, you wrote 1
OK -1604, 1281, 202
OK -1604, 1281, 202
ERROR LINE 13: TURN has 2 parameters, you wrote 1
OK -1623, 1274, 202
OK -1623, 1274, 202
ERROR LINE 13: TURN has 2 parameters, you wrote 1
OK -1642, 1267, 202
OK -1642, 1267, 202
OK -1623, 1274, 202
OK -1623, 1274, 202
OK -1623, 1274, 209
OK -1623, 1274, 209
ERROR LINE 13: TURN has 2 parameters, you wrote 1
OK -1640, 1264, 209
OK -1640, 1264, 209
ERROR LINE 13: TURN has 2 parameters, you wrote 1
OK -1657, 1254, 209
OK -1657, 1254, 209
ERROR LINE 13: TURN has 2 parameters, you wrote 1
OK -1674, 1244, 209
OK -1674, 1244, 209
ERROR LINE 13: TURN has 2 parameters, you wrote 1
OK -1691, 1234, 209
OK -1691, 1234, 209
ERROR LINE 13: TURN has 2 parameters, you wrote 1
OK -1708, 1224, 209
OK -1708, 1224, 209
ERROR LINE 13: TURN has 2 parameters, you wrote 1
OK -1725, 1214, 209
OK -1725, 1214, 209
ERROR LINE 13: TURN has 2 parameters, you wrote 1
OK -1742, 1204, 209
OK -1742, 1204, 209
ERROR LINE 13: TURN has 2 parameters, you wrote 1
OK -1759, 1194, 209
OK -1759, 1194, 209
OK -1742, 1204, 209
OK -1742, 1204, 209
OK -1742, 1204, 216
OK -1742, 1204, 216
ERROR LINE 13: TURN has 2 parameters, you wrote 1
OK -1758, 1192, 216
OK -1758, 1192, 216
ERROR LINE 13: TURN has 2 parameters, you wrote 1
OK -1774, 1180, 216
OK -1774, 1180, 216
ERROR LINE 13: TURN has 2 parameters, you wrote 1
OK -1790, 1168, 216
OK -1790, 1168, 216
ERROR LINE 13: TURN has 2 parameters, you wrote 1
OK -1806, 1156, 216
OK -1806, 1156, 216
ERROR LINE 13: TURN has 2 parameters, you wrote 1
OK -1822, 1144, 216
OK -1822, 1144, 216
ERROR LINE 13: TURN has 2 parameters, you wrote 1
OK -1838, 1132, 216
OK -1838, 1132, 216
ERROR LINE 13: TURN has 2 parameters, you wrote 1
OK -1854, 1120, 216
OK -1854, 1120, 216
ERROR LINE 13: TURN has 2 parameters, you wrote 1
OK -1870, 1108, 216
OK -1870, 1108, 216
OK -1854, 1120, 216
OK -1854, 1120, 216
OK -1854, 1120, 223
OK -1854, 1120, 223
ERROR LINE 13: TURN has 2 parameters, you wrote 1
OK -1869, 1106, 223
OK -1869, 1106, 223
ERROR LINE 13: TURN has 2 parameters, you wrote 1
OK -1884, 1092, 223
OK -1884, 1092, 223
ERROR LINE 13: TURN has 2 parameters, you wrote 1
OK -1899, 1078, 223
OK -1899, 1078, 223
ERROR LINE 13: TURN has 2 parameters, you wrote 1
OK -1914, 1064, 223
OK -1914, 1064, 223
ERROR LINE 13: TURN has 2 parameters, you wrote 1
OK -1929, 1050, 223
OK -1929, 1050, 223
ERROR LINE 13: TURN has 2 parameters, you wrote 1
OK -1944, 1036, 223
OK -1944, 1036, 223
ERROR LINE 13: TURN has 2 parameters, you wrote 1
OK -1959, 1022, 223
OK -1959, 1022, 223
ERROR LINE 13: TURN has 2 parameters, you wrote 1
OK -1974, 1008, 223
OK -1974, 1008, 223
OK -1959, 1022, 223
OK -1959, 1022, 223
OK -1959, 1022, 230
OK -1959, 1022, 230
ERROR LINE 13: TURN has 2 parameters, you wrote 1
OK -1972, 1007, 230
OK -1972, 1007, 230
ERROR LINE 13: TURN has 2 parameters, you wrote 1
OK -1985, 992, 230
OK -1985, 992, 230
ERROR LINE 13: TURN has 2 parameters, you wrote 1
OK -1998, 977, 230
OK -1998, 977, 230
ERROR LINE 13: TURN has 2 parameters, you wrote 1
OK -2011, 962, 230
OK -2011, 962, 230
ERROR LINE 13: TURN has 2 parameters, you wrote 1
OK -2024, 947, 230
OK -2024, 947, 230
ERROR LINE 13: TURN has 2 parameters, you wrote 1
OK -2037, 932, 230
OK -2037, 932, 230
ERROR LINE 13: TURN has 2 parameters, you wrote 1
OK -2050, 917, 230
OK -2050, 917, 230
ERROR LINE 13: TURN has 2 parameters, you wrote 1
OK -2063, 902, 230
OK -2063, 902, 230
OK -2050, 917, 230
OK -2050, 917, 230
OK -2050, 917, 237
OK -2050, 917, 237
ERROR LINE 13: TURN has 2 parameters, you wrote 1
OK -2061, 900, 237
OK -2061, 900, 237
ERROR LINE 13: TURN has 2 parameters, you wrote 1
OK -2072, 883, 237
OK -2072, 883, 237
ERROR LINE 13: TURN has 2 parameters, you wrote 1
OK -2083, 866, 237
OK -2083, 866, 237
ERROR LINE 13: TURN has 2 parameters, you wrote 1
OK -2094, 849, 237
OK -2094, 849, 237
ERROR LINE 13: TURN has 2 parameters, you wrote 1
OK -2105, 832, 237
OK -2105, 832, 237
ERROR LINE 13: TURN has 2 parameters, you wrote 1
OK -2116, 815, 237
OK -2116, 815, 237
ERROR LINE 13: TURN has 2 parameters, you wrote 1
OK -2127, 798, 237
OK -2127, 798, 237
ERROR LINE 13: TURN has 2 parameters, you wrote 1
OK -2138, 781, 237
OK -2138, 781, 237
OK -2127, 798, 237
OK -2127, 798, 237
OK -2127, 798, 244
OK -2127, 798, 244
ERROR LINE 13: TURN has 2 parameters, you wrote 1
OK -2136, 780, 244
OK -2136, 780, 244
ERROR LINE 13: TURN has 2 parameters, you wrote 1
OK -2145, 762, 244
OK -2145, 762, 244
ERROR LINE 13: TURN has 2 parameters, you wrote 1
OK -2154, 744, 244
OK -2154, 744, 244
ERROR LINE 13: TURN has 2 parameters, you wrote 1
OK -2163, 726, 244
OK -2163, 726, 244
ERROR LINE 13: TURN has 2 parameters, you wrote 1
OK -2172, 708, 244
OK -2172, 708, 244
ERROR LINE 13: TURN has 2 parameters, you wrote 1
OK -2181, 690, 244
OK -2181, 690, 244
ERROR LINE 13: TURN has 2 parameters, you wrote 1
OK -2190, 672, 244
OK -2190, 672, 244
ERROR LINE 13: TURN has 2 parameters, you wrote 1
OK -2199, 654, 244
OK -2199, 654, 244
OK -2190, 672, 244
OK -2190, 672, 244
OK -2190, 672, 251
OK -2190, 672, 251
ERROR LINE 13: TURN has 2 parameters, you wrote 1
OK -2197, 653, 251
OK -2197, 653, 251
ERROR LINE 13: TURN has 2 parameters, you wrote 1
OK -2204, 634, 251
OK -2204, 634, 251
ERROR LINE 13: TURN has 2 parameters, you wrote 1
OK -2211, 615, 251
OK -2211, 615, 251
ERROR LINE 13: TURN has 2 parameters, you wrote 1
OK -2218, 596, 251
OK -2218, 596, 251
ERROR LINE 13: TURN has 2 parameters, you wrote 1
OK -2225, 577, 251
OK -2225, 577, 251
ERROR LINE 13: TURN has 2 parameters, you wrote 1
OK -2232, 558, 251
OK -2232, 558, 251
ERROR LINE 13: TURN has 2 parameters, you wrote 1
OK -2239, 539, 251
OK -2239, 539, 251
ERROR LINE 13: TURN has 2 parameters, you wrote 1
OK -2246, 520, 251
OK -2246, 520, 251
OK -2239, 539, 251
OK -2239, 539, 251
OK -2239, 539, 258
OK -2239, 539, 258
ERROR LINE 13: TURN has 2 parameters, you wrote 1
OK -2243, 519, 258
OK -2243, 519, 258
ERROR LINE 13: TURN has 2 parameters, you wrote 1
OK -2247, 499, 258
OK -2247, 499, 258
ERROR LINE 13: TURN has 2 parameters, you wrote 1
OK -2251, 479, 258
OK -2251, 479, 258
ERROR LINE 13: TURN has 2 parameters, you wrote 1
OK -2255, 459, 258
OK -2255, 459, 258
ERROR LINE 13: TURN has 2 parameters, you wrote 1
OK -2259, 439, 258
OK -2259, 439, 258
ERROR LINE 13: TURN has 2 parameters, you wrote 1
OK -2263, 419, 258
OK -2263, 419, 258
ERROR LINE 13: TURN has 2 parameters, you wrote 1
OK -2267, 399, 258
OK -2267, 399, 258
ERROR LINE 13: TURN has 2 parameters, you wrote 1
OK -2271, 379, 258
OK -2271, 379, 258
OK -2267, 399, 258
OK -2267, 399, 258
OK -2267, 399, 265
OK -2267, 399, 265
ERROR LINE 13: TURN has 2 parameters, you wrote 1
OK -2269, 379, 265
OK -2269, 379, 265
ERROR LINE 13: TURN has 2 parameters, you wrote 1
OK -2271, 359, 265
OK -2271, 359, 265
ERROR LINE 13: TURN has 2 parameters, you wrote 1
OK -2273, 339, 265
OK -2273, 339, 265
ERROR LINE 13: TURN has 2 parameters, you wrote 1
OK -2275, 319, 265
OK -2275, 319, 265
ERROR LINE 13: TURN has 2 parameters, you wrote 1
OK -2277, 299, 265
OK -2277, 299, 265
ERROR LINE 13: TURN has 2 parameters, you wrote 1
OK -2279, 279, 265
OK -2279, 279, 265
ERROR LINE 13: TURN has 2 parameters, you wrote 1
OK -2281, 259, 265
OK -2281, 259, 265
ERROR LINE 13: TURN has 2 parameters, you wrote 1
OK -2283, 239, 265
OK -2283, 239, 265
OK -2281, 259, 265
OK -2281, 259, 265
OK -2281, 259, 272
OK -2281, 259, 272
ERROR LINE 13: TURN has 2 parameters, you wrote 1
OK -2280, 239, 272
OK -2280, 239, 272
ERROR LINE 13: TURN has 2 parameters, you wrote 1
OK -2279, 219, 272
OK -2279, 219, 272
ERROR LINE 13: TURN has 2 parameters, you wrote 1
OK -2278, 199, 272
OK -2278, 199, 272
ERROR LINE 13: TURN has 2 parameters, you wrote 1
OK -2277, 179, 272
OK -2277, 179, 272
ERROR LINE 13: TURN has 2 parameters, you wrote 1
OK -2276, 159, 272
OK -2276, 159, 272
ERROR LINE 13: TURN has 2 parameters, you wrote 1
OK -2275, 139, 272
OK -2275, 139, 272
ERROR LINE 13: TURN has 2 parameters, you wrote 1
OK -2274, 119, 272
OK -2274, 119, 272
ERROR LINE 13: TURN has 2 parameters, you wrote 1
OK -2273, 99, 272
OK -2273, 99, 272
OK -2274, 119, 272
OK -2274, 119, 272
OK -2274, 119, 279
OK -2274, 119, 279
ERROR LINE 13: TURN has 2 parameters, you wrote 1
OK -2271, 99, 279
OK -2271, 99, 279
ERROR LINE 13: TURN has 2 parameters, you wrote 1
OK -2268, 79, 279
OK -2268, 79, 279
ERROR LINE 13: TURN has 2 parameters, you wrote 1
OK -2265, 59, 279
OK -2265, 59, 279
ERROR LINE 13: TURN has 2 parameters, you wrote 1
OK -2262, 39, 279
OK -2262, 39, 279
ERROR LINE 13: TURN has 2 parameters, you wrote 1
OK -2259, 19, 279
OK -2259, 19, 279
ERROR LINE 13: TURN has 2 parameters, you wrote 1
OK -2256, -1, 279
OK -2256, -1, 279
ERROR LINE 13: TURN has 2 parameters, you wrote 1
OK -2253, -21, 279
OK -2253, -21, 279
ERROR LINE 13: TURN has 2 parameters, you wrote 1
OK -2250, -41, 279
OK -2250, -41, 279
OK -2253, -21, 279
OK -2253, -21, 279
OK -2253, -21, 286
OK -2253, -21, 286
ERROR LINE 13: TURN has 2 parameters, you wrote 1
OK -2247, -40, 286
OK -2247, -40, 286
ERROR LINE 13: TURN has 2 parameters, you wrote 1
OK -2241, -59, 286
OK -2241, -59, 286
ERROR LINE 13: TURN has 2 parameters, you wrote 1
OK -2235, -78, 286
OK -2235, -78, 286
ERROR LINE 13: TURN has 2 parameters, you wrote 1
OK -2229, -97, 286
OK -2229, -97, 286
ERROR LINE 13: TURN has 2 parameters, you wrote 1
OK -2223, -116, 286
OK -2223, -116, 286
ERROR LINE 13: TURN has 2 parameters, you wrote 1
OK -2217, -135, 286
OK -2217, -135, 286
ERROR LINE 13: TURN has 2 parameters, you wrote 1
OK -2211, -154, 286
OK -2211, -154, 286
ERROR LINE 13: TURN has 2 parameters, you wrote 1
OK -2205, -173, 286
OK -2205, -173, 286
OK -2211, -154, 286
OK -2211, -154, 286
OK -2211, -154, 293
OK -2211, -154, 293
ERROR LINE 13: TURN has 2 parameters, you wrote 1
OK -2203, -172, 293
OK -2203, -172, 293
ERROR LINE 13: TURN has 2 parameters, you wrote 1
OK -2195, -190, 293
OK -2195, -190, 293
ERROR LINE 13: TURN has 2 parameters, you wrote 1
OK -2187, -208, 293
OK -2187, -208, 293
ERROR LINE 13: TURN has 2 parameters, you wrote 1
OK -2179, -226, 293
OK -2179, -226, 293
ERROR LINE 13: TURN has 2 parameters, you wrote 1
OK -2171, -244, 293
OK -2171, -244, 293
ERROR LINE 13: TURN has 2 parameters, you wrote 1
OK -2163, -262, 293
OK -2163, -262, 293
ERROR LINE 13: TURN has 2 parameters, you wrote 1
OK -2155, -280, 293
OK -2155, -280, 293
ERROR LINE 13: TURN has 2 parameters, you wrote 1
OK -2147, -298, 293
OK -2147, -298, 293
OK -2155, -280, 293
OK -2155, -280, 293
OK -2155, -280, 300
OK -2155, -280, 300
ERROR LINE 13: TURN has 2 parameters, you wrote 1
OK -2145, -297, 300
OK -2145, -297, 300
ERROR LINE 13: TURN has 2 parameters, you wrote 1
OK -2135, -314, 300
OK -2135, -314, 300
ERROR LINE 13: TURN has 2 parameters, you wrote 1
OK -2125, -331, 300
OK -2125, -331, 300
ERROR LINE 13: TURN has 2 parameters, you wrote 1
OK -2115, -348, 300
OK -2115, -348, 300
ERROR LINE 13: TURN has 2 parameters, you wrote 1
OK -2105, -365, 300
OK -2105, -365, 300
ERROR LINE 13: TURN has 2 parameters, you wrote 1
OK -2095, -382, 300
OK -2095, -382, 300
ERROR LINE 13: TURN has 2 parameters, you wrote 1
OK -2085, -399, 300
OK -2085, -399, 300
ERROR LINE 13: TURN has 2 parameters, you wrote 1
OK -2075, -416, 300
OK -2075, -416, 300
OK -2085, -399, 300
OK -2085, -399, 300
OK -2085, -399, 307
OK -2085, -399, 307
ERROR LINE 13: TURN has 2 parameters, you wrote 1
OK -2073, -415, 307
OK -2073, -415, 307
ERROR LINE 13: TURN has 2 parameters, you wrote 1
OK -2061, -431, 307
OK -2061, -431, 307
ERROR LINE 13: TURN has 2 parameters, you wrote 1
OK -2049, -447, 307
OK -2049, -447, 307
ERROR LINE 13: TURN has 2 parameters, you wrote 1
OK -2037, -463, 307
OK -2037, -463, 307
ERROR LINE 13: TURN has 2 parameters, you wrote 1
OK -2025, -479, 307
OK -2025, -479, 307
ERROR LINE 13: TURN has 2 parameters, you wrote 1
OK -2013, -495, 307
OK -2013, -495, 307
ERROR LINE 13: TURN has 2 parameters, you wrote 1
OK -2001, -511, 307
OK -2001, -511, 307
ERROR LINE 13: TURN has 2 parameters, you wrote 1
OK -1989, -527, 307
OK -1989, -527, 307
OK -2001, -511, 307
OK -2001, -511, 307
OK -2001, -511, 314
OK -2001, -511, 314
ERROR LINE 13: TURN has 2 parameters, you wrote 1
OK -1987, -525, 314
OK -1987, -525, 314
ERROR LINE 13: TURN has 2 parameters, you wrote 1
OK -1973, -539, 314
OK -1973, -539, 314
ERROR LINE 13: TURN has 2 parameters, you wrote 1
OK -1959, -553, 314
OK -1959, -553, 314
ERROR LINE 13: TURN has 2 parameters, you wrote 1
OK -1945, -567, 314
OK -1945, -567, 314
ERROR LINE 13: TURN has 2 parameters, you wrote 1
OK -1931, -581, 314
OK -1931, -581, 314
ERROR LINE 13: TURN has 2 parameters, you wrote 1
OK -1917, -595, 314
OK -1917, -595, 314
ERROR LINE 13: TURN has 2 parameters, you wrote 1
OK -1903, -609, 314
OK -1903, -609, 314
ERROR LINE 13: TURN has 2 parameters, you wrote 1
OK -1889, -623, 314
OK -1889, -623, 314
OK -1903, -609, 314
OK -1903, -609, 314
OK -1903, -609, 321
OK -1903, -609, 321
ERROR LINE 13: TURN has 2 parameters, you wrote 1
OK -1887, -622, 321
OK -1887, -622, 321
ERROR LINE 13: TURN has 2 parameters, you wrote 1
OK -1871, -635, 321
OK -1871, -635, 321
ERROR LINE 13: TURN has 2 parameters, you wrote 1
OK -1855, -648, 321
OK -1855, -648, 321
ERROR LINE 13: TURN has 2 parameters, you wrote 1
OK -1839, -661, 321
OK -1839, -661, 321
ERROR LINE 13: TURN has 2 parameters, you wrote 1
OK -1823, -674, 321
OK -1823, -674, 321
ERROR LINE 13: TURN has 2 parameters, you wrote 1
OK -1807, -687, 321
OK -1807, -687, 321
ERROR LINE 13: TURN has 2 parameters, you wrote 1
OK -1791, -700, 321
OK -1791, -700, 321
ERROR LINE 13: TURN has 2 parameters, you wrote 1
OK -1775, -713, 321
OK -1775, -713, 321
OK -1791, -700, 321
OK -1791, -700, 321
OK -1791, -700, 328
OK -1791, -700, 328
ERROR LINE 13: TURN has 2 parameters, you wrote 1
OK -1774, -711, 328
OK -1774, -711, 328
ERROR LINE 13: TURN has 2 parameters, you wrote 1
OK -1757, -722, 328
OK -1757, -722, 328
ERROR LINE 13: TURN has 2 parameters, you wrote 1
OK -1740, -733, 328
OK -1740, -733, 328
ERROR LINE 13: TURN has 2 parameters, you wrote 1
OK -1723, -744, 328
OK -1723, -744, 328
ERROR LINE 13: TURN has 2 parameters, you wrote 1
OK -1706, -755, 328
OK -1706, -755, 328
ERROR LINE 13: TURN has 2 parameters, you wrote 1
OK -1689, -766, 328
OK -1689, -766, 328
ERROR LINE 13: TURN has 2 parameters, you wrote 1
OK -1672, -777, 328
OK -1672, -777, 328
ERROR LINE 13: TURN has 2 parameters, you wrote 1
OK -1655, -788, 328
OK -1655, -788, 328
OK -1672, -777, 328
OK -1672, -777, 328
OK -1672, -777, 335
OK -1672, -777, 335
ERROR LINE 13: TURN has 2 parameters, you wrote 1
OK -1654, -785, 335
OK -1654, -785, 335
ERROR LINE 13: TURN has 2 parameters, you wrote 1
OK -1636, -793, 335
OK -1636, -793, 335
ERROR LINE 13: TURN has 2 parameters, you wrote 1
OK -1618, -801, 335
OK -1618, -801, 335
ERROR LINE 13: TURN has 2 parameters, you wrote 1
OK -1600, -809, 335
OK -1600, -809, 335
ERROR LINE 13: TURN has 2 parameters, you wrote 1
OK -1582, -817, 335
OK -1582, -817, 335
ERROR LINE 13: TURN has 2 parameters, you wrote 1
OK -1564, -825, 335
OK -1564, -825, 335
ERROR LINE 13: TURN has 2 parameters, you wrote 1
OK -1546, -833, 335
OK -1546, -833, 335
ERROR LINE 13: TURN has 2 parameters, you wrote 1
OK -1528, -841, 335
OK -1528, -841, 335
OK -1546, -833, 335
OK -1546, -833, 335
OK -1546, -833, 342
OK -1546, -833, 342
ERROR LINE 13: TURN has 2 parameters, you wrote 1
OK -1527, -839, 342
OK -1527, -839, 342
ERROR LINE 13: TURN has 2 parameters, you wrote 1
OK -1508, -845, 342
OK -1508, -845, 342
ERROR LINE 13: TURN has 2 parameters, you wrote 1
OK -1489, -851, 342
OK -1489, -851, 342
ERROR LINE 13: TURN has 2 parameters, you wrote 1
OK -1470, -857, 342
OK -1470, -857, 342
ERROR LINE 13: TURN has 2 parameters, you wrote 1
OK -1451, -863, 342
OK -1451, -863, 342
ERROR LINE 13: TURN has 2 parameters, you wrote 1
OK -1432, -869, 342
OK -1432, -869, 342
ERROR LINE 13: TURN has 2 parameters, you wrote 1
OK -1413, -875, 342
OK -1413, -875, 342
ERROR LINE 13: TURN has 2 parameters, you wrote 1
OK -1394, -881, 342
OK -1394, -881, 342
OK -1413, -875, 342
OK -1413, -875, 342
OK -1413, -875, 349
OK -1413, -875, 349
ERROR LINE 13: TURN has 2 parameters, you wrote 1
OK -1393, -879, 349
OK -1393, -879, 349
ERROR LINE 13: TURN has 2 parameters, you wrote 1
OK -1373, -883, 349
OK -1373, -883, 349
ERROR LINE 13: TURN has 2 parameters, you wrote 1
OK -1353, -887, 349
OK -1353, -887, 349
ERROR LINE 13: TURN has 2 parameters, you wrote 1
OK -1333, -891, 349
OK -1333, -891, 349
ERROR LINE 13: TURN has 2 parameters, you wrote 1
OK -1313, -895, 349
OK -1313, -895, 349
ERROR LINE 13: TURN has 2 parameters, you wrote 1
OK -1293, -899, 349
OK -1293, -899, 349
ERROR LINE 13: TURN has 2 parameters, you wrote 1
OK -1273, -903, 349
OK -1273, -903, 349
ERROR LINE 13: TURN has 2 parameters, you wrote 1
OK -1253, -907, 349
OK -1253, -907, 349
OK -1273, -903, 349
OK -1273, -903, 349
OK -1273, -903, 356
OK -1273, -903, 356
ERROR LINE 13: TURN has 2 parameters, you wrote 1
OK -1253, -904, 356
OK -1253, -904, 356
ERROR LINE 13: TURN has 2 parameters, you wrote 1
OK -1233, -905, 356
OK -1233, -905, 356
ERROR LINE 13: TURN has 2 parameters, you wrote 1
OK -1213, -906, 356
OK -1213, -906, 356
ERROR LINE 13: TURN has 2 parameters, you wrote 1
OK -1193, -907, 356
OK -1193, -907, 356
ERROR LINE 13: TURN has 2 parameters, you wrote 1
OK -1173, -908, 356
OK -1173, -908, 356
ERROR LINE 13: TURN has 2 parameters, you wrote 1
OK -1153, -909, 356
OK -1153, -909, 356
ERROR LINE 13: TURN has 2 parameters, you wrote 1
OK -1133, -910, 356
OK -1133, -910, 356
ERROR LINE 13: TURN has 2 parameters, you wrote 1
OK -1113, -911, 356
OK -1113, -911, 356
OK -1133, -910, 356
OK -1133, -910, 356
OK -1133, -910, 3
OK -1133, -910, 3
ERROR LINE 13: TURN has 2 parameters, you wrote 1
OK -1113, -909, 3
OK -1113, -909, 3
ERROR LINE 13: TURN has 2 parameters, you wrote 1
OK -1093, -908, 3
OK -1093, -908, 3
ERROR LINE 13: TURN has 2 parameters, you wrote 1
OK -1073, -907, 3
OK -1073, -907, 3
ERROR LINE 13: TURN has 2 parameters, you wrote 1
OK -1053, -906, 3
OK -1053, -906, 3
ERROR LINE 13: TURN has 2 parameters, you wrote 1
OK -1033, -905, 3
OK -1033, -905, 3
ERROR LINE 13: TURN has 2 parameters, you wrote 1
OK -1013, -904, 3
OK -1013, -904, 3
ERROR LINE 13: TURN has 2 parameters, you wrote 1
OK -993, -903, 3
OK -993, -903, 3
ERROR LINE 13: TURN has 2 parameters, you wrote 1
OK -973, -902, 3
OK -973, -902, 3
OK -993, -903, 3
OK -993, -903, 3
OK -993, -903, 10
OK -993, -903, 10
ERROR LINE 13: TURN has 2 parameters, you wrote 1
OK -973, -900, 10
OK -973, -900, 10
ERROR LINE 13: TURN has 2 parameters, you wrote 1
OK -953, -897, 10
OK -953, -897, 10
ERROR LINE 13: TURN has 2 parameters, you wrote 1
OK -933, -894, 10
OK -933, -894, 10
ERROR LINE 13: TURN has 2 parameters, you wrote 1
OK -913, -891, 10
OK -913, -891, 10
ERROR LINE 13: TURN has 2 parameters, you wrote 1
OK -893, -888, 10
OK -893, -888, 10
ERROR LINE 13: TURN has 2 parameters, you wrote 1
OK -873, -885, 10
OK -873, -885, 10
ERROR LINE 13: TURN has 2 parameters, you wrote 1
OK -853, -882, 10
OK -853, -882, 10
ERROR LINE 13: TURN has 2 parameters, you wrote 1
OK -833, -879, 10
OK -833, -879, 10
OK -853, -882, 10
OK -853, -882, 10
OK -853, -882, 17
OK -853, -882, 17
ERROR LINE 13: TURN has 2 parameters, you wrote 1
OK -834, -876, 17
OK -834, -876, 17
ERROR LINE 13: TURN has 2 parameters, you wrote 1
OK -815, -870, 17
OK -815, -870, 17
ERROR LINE 13: TURN has 2 parameters, you wrote 1
OK -796, -864, 17
OK -796, -864, 17
ERROR LINE 13: TURN has 2 parameters, you wrote 1
OK -777, -858, 17
OK -777, -858, 17
ERROR LINE 13: TURN has 2 parameters, you wrote 1
OK -758, -852, 17
OK -758, -852, 17
ERROR LINE 13: TURN has 2 parameters, you wrote 1
OK -739, -846, 17
OK -739, -846, 17
ERROR LINE 13: TURN has 2 parameters, you wrote 1
OK -720, -840, 17
OK -720, -840, 17
ERROR LINE 13: TURN has 2 parameters, you wrote 1
OK -701, -834, 17
OK -701, -834, 17
OK -720, -840, 17
OK -720, -840, 17
OK -720, -840, 24
OK -720, -840, 24
ERROR LINE 13: TURN has 2 parameters, you wrote 1
OK -702, -832, 24
OK -702, -832, 24
ERROR LINE 13: TURN has 2 parameters, you wrote 1
OK -684, -824, 24
OK -684, -824, 24
ERROR LINE 13: TURN has 2 parameters, you wrote 1
OK -666, -816, 24
OK -666, -816, 24
ERROR LINE 13: TURN has 2 parameters, you wrote 1
OK -648, -808, 24
OK -648, -808, 24
ERROR LINE 13: TURN has 2 parameters, you wrote 1
OK -630, -800, 24
OK -630, -800, 24
ERROR LINE 13: TURN has 2 parameters, you wrote 1
OK -612, -792, 24
OK -612, -792, 24
ERROR LINE 13: TURN has 2 parameters, you wrote 1
OK -594, -784, 24
OK -594, -784, 24
ERROR LINE 13: TURN has 2 parameters, you wrote 1
OK -576, -776, 24
OK -576, -776, 24
OK -594, -784, 24
OK -594, -784, 24
OK -594, -784, 31
OK -594, -784, 31
ERROR LINE 13: TURN has 2 parameters, you wrote 1
OK -577, -774, 31
OK -577, -774, 31
ERROR LINE 13: TURN has 2 parameters, you wrote 1
OK -560, -764, 31
OK -560, -764, 31
ERROR LINE 13: TURN has 2 parameters, you wrote 1
OK -543, -754, 31
OK -543, -754, 31
ERROR LINE 13: TURN has 2 parameters, you wrote 1
OK -526, -744, 31
OK -526, -744, 31
ERROR LINE 13: TURN has 2 parameters, you wrote 1
OK -509, -734, 31
OK -509, -734, 31
ERROR LINE 13: TURN has 2 parameters, you wrote 1
OK -492, -724, 31
OK -492, -724, 31
ERROR LINE 13: TURN has 2 parameters, you wrote 1
OK -475, -714, 31
OK -475, -714, 31
ERROR LINE 13: TURN has 2 parameters, you wrote 1
OK -458, -704, 31
OK -458, -704, 31
OK -475, -714, 31
OK -475, -714, 31
OK -475, -714, 38
OK -475, -714, 38
ERROR LINE 13: TURN has 2 parameters, you wrote 1
OK -459, -702, 38
OK -459, -702, 38
ERROR LINE 13: TURN has 2 parameters, you wrote 1
OK -443, -690, 38
OK -443, -690, 38
ERROR LINE 13: TURN has 2 parameters, you wrote 1
OK -427, -678, 38
OK -427, -678, 38
ERROR LINE 13: TURN has 2 parameters, you wrote 1
OK -411, -666, 38
OK -411, -666, 38
ERROR LINE 13: TURN has 2 parameters, you wrote 1
OK -395, -654, 38
OK -395, -654, 38
ERROR LINE 13: TURN has 2 parameters, you wrote 1
OK -379, -642, 38
OK -379, -642, 38
ERROR LINE 13: TURN has 2 parameters, you wrote 1
OK -363, -630, 38
OK -363, -630, 38
ERROR LINE 13: TURN has 2 parameters, you wrote 1
OK -347, -618, 38
OK -347, -618, 38
OK -363, -630, 38
OK -363, -630, 38
OK -363, -630, 45
OK -363, -630, 45
ERROR LINE 13: TURN has 2 parameters, you wrote 1
OK -349, -616, 45
OK -349, -616, 45
ERROR LINE 13: TURN has 2 parameters, you wrote 1
OK -335, -602, 45
OK -335, -602, 45
ERROR LINE 13: TURN has 2 parameters, you wrote 1
OK -321, -588, 45
OK -321, -588, 45
ERROR LINE 13: TURN has 2 parameters, you wrote 1
OK -307, -574, 45
OK -307, -574, 45
ERROR LINE 13: TURN has 2 parameters, you wrote 1
OK -293, -560, 45
OK -293, -560, 45
ERROR LINE 13: TURN has 2 parameters, you wrote 1
OK -279, -546, 45
OK -279, -546, 45
ERROR LINE 13: TURN has 2 parameters, you wrote 1
OK -265, -532, 45
OK -265, -532, 45
ERROR LINE 13: TURN has 2 parameters, you wrote 1
OK -251, -518, 45
OK -251, -518, 45
OK -265, -532, 45
OK -265, -532, 45
OK -265, -532, 52
OK -265, -532, 52
ERROR LINE 13: TURN has 2 parameters, you wrote 1
OK -253, -516, 52
OK -253, -516, 52
ERROR LINE 13: TURN has 2 parameters, you wrote 1
OK -241, -500, 52
OK -241, -500, 52
ERROR LINE 13: TURN has 2 parameters, you wrote 1
OK -229, -484, 52
OK -229, -484, 52
ERROR LINE 13: TURN has 2 parameters, you wrote 1
OK -217, -468, 52
OK -217, -468, 52
ERROR LINE 13: TURN has 2 parameters, you wrote 1
OK -205, -452, 52
OK -205, -452, 52
ERROR LINE 13: TURN has 2 parameters, you wrote 1
OK -193, -436, 52
OK -193, -436, 52
ERROR LINE 13: TURN has 2 parameters, you wrote 1
OK -181, -420, 52
OK -181, -420, 52
ERROR LINE 13: TURN has 2 parameters, you wrote 1
OK -169, -404, 52
OK -169, -404, 52
OK -181, -420, 52
OK -181, -420, 52
OK -181, -420, 59
OK -181, -420, 59
ERROR LINE 13: TURN has 2 parameters, you wrote 1
OK -171, -403, 59
OK -171, -403, 59
ERROR LINE 13: TURN has 2 parameters, you wrote 1
OK -161, -386, 59
OK -161, -386, 59
ERROR LINE 13: TURN has 2 parameters, you wrote 1
OK -151, -369, 59
OK -151, -369, 59
ERROR LINE 13: TURN has 2 parameters, you wrote 1
OK -141, -352, 59
OK -141, -352, 59
ERROR LINE 13: TURN has 2 parameters, you wrote 1
OK -131, -335, 59
OK -131, -335, 59
ERROR LINE 13: TURN has 2 parameters, you wrote 1
OK -121, -318, 59
OK -121, -318, 59
ERROR LINE 13: TURN has 2 parameters, you wrote 1
OK -111, -301, 59
OK -111, -301, 59
ERROR LINE 13: TURN has 2 parameters, you wrote 1
OK -101, -284, 59
OK -101, -284, 59
OK -111, -301, 59
OK -111, -301, 59
OK -111, -301, 66
OK -111, -301, 66
ERROR LINE 13: TURN has 2 parameters, you wrote 1
OK -103, -283, 66
OK -103, -283, 66
ERROR LINE 13: TURN has 2 parameters, you wrote 1
OK -95, -265, 66
OK -95, -265, 66
ERROR LINE 13: TURN has 2 parameters, you wrote 1
OK -87, -247, 66
OK -87, -247, 66
ERROR LINE 13: TURN has 2 parameters, you wrote 1
OK -79, -229, 66
OK -79, -229, 66
ERROR LINE 13: TURN has 2 parameters, you wrote 1
OK -71, -211, 66
OK -71, -211, 66
ERROR LINE 13: TURN has 2 parameters, you wrote 1
OK -63, -193, 66
OK -63, -193, 66
ERROR LINE 13: TURN has 2 parameters, you wrote 1
OK -55, -175, 66
OK -55, -175, 66
ERROR LINE 13: TURN has 2 parameters, you wrote 1
OK -47, -157, 66
OK -47, -157, 66
OK -55, -175, 66
OK -55, -175, 66
OK -55, -175, 73
OK -55, -175, 73
ERROR LINE 13: TURN has 2 parameters, you wrote 1
OK -49, -156, 73
OK -49, -156, 73
ERROR LINE 13: TURN has 2 parameters, you wrote 1
OK -43, -137, 73
OK -43, -137, 73
ERROR LINE 13: TURN has 2 parameters, you wrote 1
OK -37, -118, 73
OK -37, -118, 73
ERROR LINE 13: TURN has 2 parameters, you wrote 1
OK -31, -99, 73
OK -31, -99, 73
ERROR LINE 13: TURN has 2 parameters, you wrote 1
OK -25, -80, 73
OK -25, -80, 73
ERROR LINE 13: TURN has 2 parameters, you wrote 1
OK -19, -61, 73
OK -19, -61, 73
ERROR LINE 13: TURN has 2 parameters, you wrote 1
OK -13, -42, 73
OK -13, -42, 73
ERROR LINE 13: TURN has 2 parameters, you wrote 1
OK -7, -23, 73
OK -7, -23, 73
OK -13, -42, 73
OK -13, -42, 73
OK -13, -42, 80
OK -13, -42, 80
ERROR LINE 13: TURN has 2 parameters, you wrote 1
OK -10, -22, 80
OK -10, -22, 80
ERROR LINE 13: TURN has 2 parameters, you wrote 1
OK -7, -2, 80
OK -7, -2, 80
ERROR LINE 13: TURN has 2 parameters, you wrote 1
OK -4, 18, 80
OK -4, 18, 80
ERROR LINE 13: TURN has 2 parameters, you wrote 1
OK -1, 38, 80
OK -1, 38, 80
ERROR LINE 13: TURN has 2 parameters, you wrote 1
OK 2, 58, 80
OK 2, 58, 80
ERROR LINE 13: TURN has 2 parameters, you wrote 1
OK 5, 78, 80
OK 5, 78, 80
ERROR LINE 13: TURN has 2 parameters, you wrote 1
OK 8, 98, 80
OK 8, 98, 80
ERROR LINE 13: TURN has 2 parameters, you wrote 1
OK 11, 118, 80
OK 11, 118, 80
OK 8, 98, 80
OK 8, 98, 80
OK 0, 0, 80
