OK 8, 8, 90
OK 8, 8, 100
OK 8, 8, 100
OK 8, 8, 106
OK 6, 14, 106
OK 6, 14, 106
OK 6, 14, 112
OK 4, 20, 112
OK 4, 20, 112
OK 4, 20, 118
OK 1, 25, 118
OK 1, 25, 118
OK 1, 25, 124
OK -2, 30, 124
OK -2, 30, 124
OK -2, 30, 130
OK -6, 35, 130
OK -6, 35, 130
OK -6, 35, 136
OK -10, 39, 136
OK -10, 39, 136
OK -10, 39, 142
OK -15, 43, 142
OK -15, 43, 142
OK -15, 43, 148
OK -20, 46, 148
OK -20, 46, 148
OK -20, 46, 154
OK -25, 49, 154
OK -25, 49, 154
OK -25, 49, 160
OK -31, 51, 160
OK -31, 51, 160
OK -31, 51, 166
OK -37, 52, 166
OK -37, 52, 166
OK -37, 52, 172
OK -43, 53, 172
OK -43, 53, 172
OK -43, 53, 178
OK -49, 53, 178
OK -49, 53, 178
OK -49, 53, 184
OK -55, 53, 184
OK -55, 53, 184
OK -55, 53, 190
OK -61, 52, 190
OK -61, 52, 190
OK -61, 52, 196
OK -67, 50, 196
OK -67, 50, 196
OK -67, 50, 202
OK -73, 48, 202
OK -73, 48, 202
OK -73, 48, 208
OK -78, 45, 208
OK -78, 45, 208
OK -78, 45, 214
OK -83, 42, 214
OK -83, 42, 214
OK -83, 42, 220
OK -88, 38, 220
OK -88, 38, 220
OK -88, 38, 226
OK -92, 34, 226
OK -92, 34, 226
OK -92, 34, 232
OK -96, 29, 232
OK -96, 29, 232
OK -96, 29, 238
OK -99, 24, 238
OK -99, 24, 238
OK -99, 24, 244
OK -102, 19, 244
OK -102, 19, 244
OK -102, 19, 250
OK -104, 13, 250
OK -104, 13, 250
OK -104, 13, 256
OK -105, 7, 256
OK -105, 7, 256
OK -105, 7, 262
OK -106, 1, 262
OK -106, 1, 262
OK -106, 1, 268
OK -106, -5, 268
OK -106, -5, 268
OK -106, -5, 274
OK -106, -11, 274
OK -106, -11, 274
OK -106, -11, 280
OK -105, -17, 280
OK -105, -17, 280
OK -105, -17, 286
OK -103, -23, 286
OK -103, -23, 286
OK -103, -23, 292
OK -101, -29, 292
OK -101, -29, 292
OK -101, -29, 298
OK -98, -34, 298
OK -98, -34, 298
OK -98, -34, 304
OK -95, -39, 304
OK -95, -39, 304
OK -95, -39, 310
OK -91, -44, 310
OK -91, -44, 310
OK -91, -44, 316
OK -87, -48, 316
OK -87, -48, 316
OK -87, -48, 322
OK -82, -52, 322
OK -82, -52, 322
OK -82, -52, 328
OK -77, -55, 328
OK -77, -55, 328
OK -77, -55, 334
OK -72, -58, 334
OK -72, -58, 334
OK -72, -58, 340
OK -66, -60, 340
OK -66, -60, 340
OK -66, -60, 346
OK -60, -61, 346
OK -60, -61, 346
OK -60, -61, 352
OK -54, -62, 352
OK -54, -62, 352
OK -54, -62, 358
OK -48, -62, 358
OK -48, -62, 358
OK -48, -62, 4
OK -42, -62, 4
OK -42, -62, 4
OK -42, -62, 10
OK -36, -61, 10
OK -36, -61, 10
OK -36, -61, 16
OK -30, -59, 16
OK -30, -59, 16
OK -30, -59, 22
OK -24, -57, 22
OK -24, -57, 22
OK -24, -57, 28
OK -19, -54, 28
OK -19, -54, 28
OK -19, -54, 34
OK -14, -51, 34
OK -14, -51, 34
OK -14, -51, 40
OK -9, -47, 40
OK -9, -47, 40
OK -9, -47, 40
OK -9, -47, 47
OK -9, -47, 47
OK -9, -47, 41
OK 6, -34, 41
OK 6, -34, 41
OK 6, -34, 35
OK 22, -23, 35
OK 22, -23, 35
OK 22, -23, 29
OK 39, -13, 29
OK 39, -13, 29
OK 39, -13, 23
OK 57, -5, 23
OK 57, -5, 23
OK 57, -5, 17
OK 76, 1, 17
OK 76, 1, 17
OK 76, 1, 11
OK 96, 5, 11
OK 96, 5, 11
OK 96, 5, 5
OK 116, 7, 5
OK 116, 7, 5
OK 116, 7, 359
OK 136, 7, 359
OK 136, 7, 359
OK 116, 7, 359
OK 116, 7, 359
OK 116, 7, 6
OK 116, 7, 6
OK 116, 7, 0
OK 136, 7, 0
OK 136, 7, 0
OK 136, 7, 354
OK 156, 5, 354
OK 156, 5, 354
OK 156, 5, 348
OK 176, 1, 348
OK 176, 1, 348
OK 176, 1, 342
OK 195, -5, 342
OK 195, -5, 342
OK 195, -5, 336
OK 213, -13, 336
OK 213, -13, 336
OK 213, -13, 330
OK 230, -23, 330
OK 230, -23, 330
OK 230, -23, 324
OK 246, -35, 324
OK 246, -35, 324
OK 246, -35, 318
OK 261, -48, 318
OK 261, -48, 318
OK 246, -35, 318
OK 246, -35, 318
OK 246, -35, 325
OK 246, -35, 325
OK 246, -35, 319
OK 261, -48, 319
OK 261, -48, 319
OK 261, -48, 313
OK 275, -63, 313
OK 275, -63, 313
OK 275, -63, 307
OK 287, -79, 307
OK 287, -79, 307
OK 287, -79, 301
OK 297, -96, 301
OK 297, -96, 301
OK 297, -96, 295
OK 305, -114, 295
OK 305, -114, 295
OK 305, -114, 289
OK 312, -133, 289
OK 312, -133, 289
OK 312, -133, 283
OK 316, -152, 283
OK 316, -152, 283
OK 316, -152, 277
OK 318, -172, 277
OK 318, -172, 277
OK 316, -152, 277
OK 316, -152, 277
OK 316, -152, 284
OK 316, -152, 284
OK 316, -152, 278
OK 319, -172, 278
OK 319, -172, 278
OK 319, -172, 272
OK 320, -192, 272
OK 320, -192, 272
OK 320, -192, 266
OK 319, -212, 266
OK 319, -212, 266
OK 319, -212, 260
OK 316, -232, 260
OK 316, -232, 260
OK 316, -232, 254
OK 310, -251, 254
OK 310, -251, 254
OK 310, -251, 248
OK 303, -270, 248
OK 303, -270, 248
OK 303, -270, 242
OK 294, -288, 242
OK 294, -288, 242
OK 294, -288, 236
OK 283, -305, 236
OK 283, -305, 236
OK 294, -288, 236
OK 294, -288, 236
OK 294, -288, 243
OK 294, -288, 243
OK 294, -288, 237
OK 283, -305, 237
OK 283, -305, 237
OK 283, -305, 231
OK 270, -321, 231
OK 270, -321, 231
OK 270, -321, 225
OK 256, -335, 225
OK 256, -335, 225
OK 256, -335, 219
OK 240, -348, 219
OK 240, -348, 219
OK 240, -348, 213
OK 223, -359, 213
OK 223, -359, 213
OK 223, -359, 207
OK 205, -368, 207
OK 205, -368, 207
OK 205, -368, 201
OK 186, -375, 201
OK 186, -375, 201
OK 186, -375, 195
OK 167, -380, 195
OK 167, -380, 195
OK 186, -375, 195
OK 186, -375, 195
OK 186, -375, 202
OK 186, -375, 202
OK 186, -375, 196
OK 167, -381, 196
OK 167, -381, 196
OK 167, -381, 190
OK 147, -384, 190
OK 147, -384, 190
OK 147, -384, 184
OK 127, -385, 184
OK 127, -385, 184
OK 127, -385, 178
OK 107, -384, 178
OK 107, -384, 178
OK 107, -384, 172
OK 87, -381, 172
OK 87, -381, 172
OK 87, -381, 166
OK 68, -376, 166
OK 68, -376, 166
OK 68, -376, 160
OK 49, -369, 160
OK 49, -369, 160
OK 49, -369, 154
OK 31, -360, 154
OK 31, -360, 154
OK 49, -369, 154
OK 49, -369, 154
OK 49, -369, 161
OK 49, -369, 161
OK 49, -369, 155
OK 31, -361, 155
OK 31, -361, 155
OK 31, -361, 149
OK 14, -351, 149
OK 14, -351, 149
OK 14, -351, 143
OK -2, -339, 143
OK -2, -339, 143
OK -2, -339, 137
OK -17, -325, 137
OK -17, -325, 137
OK -17, -325, 131
OK -30, -310, 131
OK -30, -310, 131
OK -30, -310, 125
OK -41, -294, 125
OK -41, -294, 125
OK -41, -294, 119
OK -51, -277, 119
OK -51, -277, 119
OK -51, -277, 113
OK -59, -259, 113
OK -59, -259, 113
OK -51, -277, 113
OK -51, -277, 113
OK -51, -277, 120
OK -51, -277, 120
OK -51, -277, 114
OK -59, -259, 114
OK -59, -259, 114
OK -59, -259, 108
OK -65, -240, 108
OK -65, -240, 108
OK -65, -240, 102
OK -69, -220, 102
OK -69, -220, 102
OK -69, -220, 96
OK -71, -200, 96
OK -71, -200, 96
OK -71, -200, 90
OK -71, -180, 90
OK -71, -180, 90
OK -71, -180, 84
OK -69, -160, 84
OK -69, -160, 84
OK -69, -160, 78
OK -65, -140, 78
OK -65, -140, 78
OK -65, -140, 72
OK -59, -121, 72
OK -59, -121, 72
OK -65, -140, 72
OK -65, -140, 72
OK -65, -140, 79
OK -65, -140, 79
OK -65, -140, 73
OK -59, -121, 73
OK -59, -121, 73
OK -59, -121, 67
OK -51, -103, 67
OK -51, -103, 67
OK -51, -103, 61
OK -41, -86, 61
OK -41, -86, 61
OK -41, -86, 55
OK -30, -70, 55
OK -30, -70, 55
OK -30, -70, 49
OK -17, -55, 49
OK -17, -55, 49
OK -17, -55, 43
OK -2, -41, 43
OK -2, -41, 43
OK -2, -41, 37
OK 14, -29, 37
OK 14, -29, 37
OK 14, -29, 31
OK 31, -19, 31
OK 31, -19, 31
OK 14, -29, 31
OK 14, -29, 31
OK 14, -29, 38
OK 14, -29, 38
OK 14, -29, 32
OK 31, -18, 32
OK 31, -18, 32
OK 31, -18, 26
OK 49, -9, 26
OK 49, -9, 26
OK 49, -9, 20
OK 68, -2, 20
OK 68, -2, 20
OK 68, -2, 14
OK 87, 3, 14
OK 87, 3, 14
OK 87, 3, 8
OK 107, 6, 8
OK 107, 6, 8
OK 107, 6, 2
OK 127, 7, 2
OK 127, 7, 2
OK 127, 7, 356
OK 147, 6, 356
OK 147, 6, 356
OK 147, 6, 350
OK 167, 3, 350
OK 167, 3, 350
OK 147, 6, 350
OK 147, 6, 350
OK 147, 6, 357
OK 147, 6, 357
OK 147, 6, 351
OK 167, 3, 351
OK 167, 3, 351
OK 167, 3, 345
OK 186, -2, 345
OK 186, -2, 345
OK 186, -2, 339
OK 205, -9, 339
OK 205, -9, 339
OK 205, -9, 333
OK 223, -18, 333
OK 223, -18, 333
OK 223, -18, 327
OK 240, -29, 327
OK 240, -29, 327
OK 240, -29, 321
OK 256, -42, 321
OK 256, -42, 321
OK 256, -42, 315
OK 270, -56, 315
OK 270, -56, 315
OK 270, -56, 309
OK 283, -72, 309
OK 283, -72, 309
OK 270, -56, 309
OK 270, -56, 309
OK 270, -56, 316
OK 270, -56, 316
OK 270, -56, 310
OK 283, -71, 310
OK 283, -71, 310
OK 283, -71, 304
OK 294, -88, 304
OK 294, -88, 304
OK 294, -88, 298
OK 303, -106, 298
OK 303, -106, 298
OK 303, -106, 292
OK 310, -125, 292
OK 310, -125, 292
OK 310, -125, 286
OK 316, -144, 286
OK 316, -144, 286
OK 316, -144, 280
OK 319, -164, 280
OK 319, -164, 280
OK 319, -164, 274
OK 320, -184, 274
OK 320, -184, 274
OK 320, -184, 268
OK 319, -204, 268
OK 319, -204, 268
OK 320, -184, 268
OK 320, -184, 268
OK 320, -184, 275
OK 320, -184, 275
OK 320, -184, 269
OK 320, -204, 269
OK 320, -204, 269
OK 320, -204, 263
OK 318, -224, 263
OK 318, -224, 263
OK 318, -224, 257
OK 314, -243, 257
OK 314, -243, 257
OK 314, -243, 251
OK 307, -262, 251
OK 307, -262, 251
OK 307, -262, 245
OK 299, -280, 245
OK 299, -280, 245
OK 299, -280, 239
OK 289, -297, 239
OK 289, -297, 239
OK 289, -297, 233
OK 277, -313, 233
OK 277, -313, 233
OK 277, -313, 227
OK 263, -328, 227
OK 263, -328, 227
OK 277, -313, 227
OK 277, -313, 227
OK 277, -313, 234
OK 277, -313, 234
OK 277, -313, 228
OK 264, -328, 228
OK 264, -328, 228
OK 264, -328, 222
OK 249, -341, 222
OK 249, -341, 222
OK 249, -341, 216
OK 233, -353, 216
OK 233, -353, 216
OK 233, -353, 210
OK 216, -363, 210
OK 216, -363, 210
OK 216, -363, 204
OK 198, -371, 204
OK 198, -371, 204
OK 198, -371, 198
OK 179, -377, 198
OK 179, -377, 198
OK 179, -377, 192
OK 159, -381, 192
OK 159, -381, 192
OK 159, -381, 186
OK 139, -383, 186
OK 139, -383, 186
OK 159, -381, 186
OK 159, -381, 186
OK 159, -381, 193
OK 159, -381, 193
OK 159, -381, 187
OK 139, -383, 187
OK 139, -383, 187
OK 139, -383, 181
OK 119, -383, 181
OK 119, -383, 181
OK 119, -383, 175
OK 99, -381, 175
OK 99, -381, 175
OK 99, -381, 169
OK 79, -377, 169
OK 79, -377, 169
OK 79, -377, 163
OK 60, -371, 163
OK 60, -371, 163
OK 60, -371, 157
OK 42, -363, 157
OK 42, -363, 157
OK 42, -363, 151
OK 25, -353, 151
OK 25, -353, 151
OK 25, -353, 145
OK 9, -342, 145
OK 9, -342, 145
OK 25, -353, 145
OK 25, -353, 145
OK 25, -353, 152
OK 25, -353, 152
OK 25, -353, 146
OK 8, -342, 146
OK 8, -342, 146
OK 8, -342, 140
OK -7, -329, 140
OK -7, -329, 140
OK -7, -329, 134
OK -21, -315, 134
OK -21, -315, 134
OK -21, -315, 128
OK -33, -299, 128
OK -33, -299, 128
OK -33, -299, 122
OK -44, -282, 122
OK -44, -282, 122
OK -44, -282, 116
OK -53, -264, 116
OK -53, -264, 116
OK -53, -264, 110
OK -60, -245, 110
OK -60, -245, 110
OK -60, -245, 104
OK -65, -226, 104
OK -65, -226, 104
OK -60, -245, 104
OK -60, -245, 104
OK -60, -245, 111
OK -60, -245, 111
OK -60, -245, 105
OK -65, -226, 105
OK -65, -226, 105
OK -65, -226, 99
OK -68, -206, 99
OK -68, -206, 99
OK -68, -206, 93
OK -69, -186, 93
OK -69, -186, 93
OK -69, -186, 87
OK -68, -166, 87
OK -68, -166, 87
OK -68, -166, 81
OK -65, -146, 81
OK -65, -146, 81
OK -65, -146, 75
OK -60, -127, 75
OK -60, -127, 75
OK -60, -127, 69
OK -53, -108, 69
OK -53, -108, 69
OK -53, -108, 63
OK -44, -90, 63
OK -44, -90, 63
OK -53, -108, 63
OK -53, -108, 63
OK -53, -108, 70
OK -53, -108, 70
OK -53, -108, 64
OK -44, -90, 64
OK -44, -90, 64
OK -44, -90, 58
OK -33, -73, 58
OK -33, -73, 58
OK -33, -73, 52
OK -21, -57, 52
OK -21, -57, 52
OK -21, -57, 46
OK -7, -43, 46
OK -7, -43, 46
OK -7, -43, 40
OK 8, -30, 40
OK 8, -30, 40
OK 8, -30, 34
OK 25, -19, 34
OK 25, -19, 34
OK 25, -19, 28
OK 43, -10, 28
OK 43, -10, 28
OK 43, -10, 22
OK 62, -3, 22
OK 62, -3, 22
OK 43, -10, 22
OK 43, -10, 22
OK 43, -10, 29
OK 43, -10, 29
OK 43, -10, 23
OK 61, -2, 23
OK 61, -2, 23
OK 61, -2, 17
OK 80, 4, 17
OK 80, 4, 17
OK 80, 4, 11
OK 100, 8, 11
OK 100, 8, 11
OK 100, 8, 5
OK 120, 10, 5
OK 120, 10, 5
OK 120, 10, 359
OK 140, 10, 359
OK 140, 10, 359
OK 140, 10, 353
OK 160, 8, 353
OK 160, 8, 353
OK 160, 8, 347
OK 179, 4, 347
OK 179, 4, 347
OK 179, 4, 341
OK 198, -3, 341
OK 198, -3, 341
OK 179, 4, 341
OK 179, 4, 341
OK 179, 4, 348
OK 179, 4, 348
OK 179, 4, 342
OK 198, -2, 342
OK 198, -2, 342
OK 198, -2, 336
OK 216, -10, 336
OK 216, -10, 336
OK 216, -10, 330
OK 233, -20, 330
OK 233, -20, 330
OK 233, -20, 324
OK 249, -32, 324
OK 249, -32, 324
OK 249, -32, 318
OK 264, -45, 318
OK 264, -45, 318
OK 264, -45, 312
OK 277, -60, 312
OK 277, -60, 312
OK 277, -60, 306
OK 289, -76, 306
OK 289, -76, 306
OK 289, -76, 300
OK 299, -93, 300
OK 299, -93, 300
OK 289, -76, 300
OK 289, -76, 300
OK 289, -76, 307
OK 289, -76, 307
OK 289, -76, 301
OK 299, -93, 301
OK 299, -93, 301
OK 299, -93, 295
OK 307, -111, 295
OK 307, -111, 295
OK 307, -111, 289
OK 314, -130, 289
OK 314, -130, 289
OK 314, -130, 283
OK 318, -149, 283
OK 318, -149, 283
OK 318, -149, 277
OK 320, -169, 277
OK 320, -169, 277
OK 320, -169, 271
OK 320, -189, 271
OK 320, -189, 271
OK 320, -189, 265
OK 318, -209, 265
OK 318, -209, 265
OK 318, -209, 259
OK 314, -229, 259
OK 314, -229, 259
OK 318, -209, 259
OK 318, -209, 259
OK 318, -209, 266
OK 318, -209, 266
OK 318, -209, 260
OK 315, -229, 260
OK 315, -229, 260
OK 315, -229, 254
OK 309, -248, 254
OK 309, -248, 254
OK 309, -248, 248
OK 302, -267, 248
OK 302, -267, 248
OK 302, -267, 242
OK 293, -285, 242
OK 293, -285, 242
OK 293, -285, 236
OK 282, -302, 236
OK 282, -302, 236
OK 282, -302, 230
OK 269, -317, 230
OK 269, -317, 230
OK 269, -317, 224
OK 255, -331, 224
OK 255, -331, 224
OK 255, -331, 218
OK 239, -343, 218
OK 239, -343, 218
OK 255, -331, 218
OK 255, -331, 218
OK 255, -331, 225
OK 255, -331, 225
OK 255, -331, 219
OK 239, -344, 219
OK 239, -344, 219
OK 239, -344, 213
OK 222, -355, 213
OK 222, -355, 213
OK 222, -355, 207
OK 204, -364, 207
OK 204, -364, 207
OK 204, -364, 201
OK 185, -371, 201
OK 185, -371, 201
OK 185, -371, 195
OK 166, -376, 195
OK 166, -376, 195
OK 166, -376, 189
OK 146, -379, 189
OK 146, -379, 189
OK 146, -379, 183
OK 126, -380, 183
OK 126, -380, 183
OK 126, -380, 177
OK 106, -379, 177
OK 106, -379, 177
OK 126, -380, 177
OK 126, -380, 177
OK 126, -380, 184
OK 126, -380, 184
OK 126, -380, 178
OK 106, -379, 178
OK 106, -379, 178
OK 106, -379, 172
OK 86, -376, 172
OK 86, -376, 172
OK 86, -376, 166
OK 67, -371, 166
OK 67, -371, 166
OK 67, -371, 160
OK 48, -364, 160
OK 48, -364, 160
OK 48, -364, 154
OK 30, -355, 154
OK 30, -355, 154
OK 30, -355, 148
OK 13, -344, 148
OK 13, -344, 148
OK 13, -344, 142
OK -3, -332, 142
OK -3, -332, 142
OK -3, -332, 136
OK -17, -318, 136
OK -17, -318, 136
OK -3, -332, 136
OK -3, -332, 136
OK -3, -332, 143
OK -3, -332, 143
OK -3, -332, 137
OK -18, -318, 137
OK -18, -318, 137
OK -18, -318, 131
OK -31, -303, 131
OK -31, -303, 131
OK -31, -303, 125
OK -42, -287, 125
OK -42, -287, 125
OK -42, -287, 119
OK -52, -270, 119
OK -52, -270, 119
OK -52, -270, 113
OK -60, -252, 113
OK -60, -252, 113
OK -60, -252, 107
OK -66, -233, 107
OK -66, -233, 107
OK -66, -233, 101
OK -70, -213, 101
OK -70, -213, 101
OK -70, -213, 95
OK -72, -193, 95
OK -72, -193, 95
OK -70, -213, 95
OK -70, -213, 95
OK -70, -213, 102
OK -70, -213, 102
OK -70, -213, 96
OK -72, -193, 96
OK -72, -193, 96
OK -72, -193, 90
OK -72, -173, 90
OK -72, -173, 90
OK -72, -173, 84
OK -70, -153, 84
OK -70, -153, 84
OK -70, -153, 78
OK -66, -133, 78
OK -66, -133, 78
OK -66, -133, 72
OK -60, -114, 72
OK -60, -114, 72
OK -60, -114, 66
OK -52, -96, 66
OK -52, -96, 66
OK -52, -96, 60
OK -42, -79, 60
OK -42, -79, 60
OK -42, -79, 54
OK -30, -63, 54
OK -30, -63, 54
OK -42, -79, 54
OK -42, -79, 54
OK -42, -79, 61
OK -42, -79, 61
OK -42, -79, 55
OK -31, -63, 55
OK -31, -63, 55
OK -31, -63, 49
OK -18, -48, 49
OK -18, -48, 49
OK -18, -48, 43
OK -3, -34, 43
OK -3, -34, 43
OK -3, -34, 37
OK 13, -22, 37
OK 13, -22, 37
OK 13, -22, 31
OK 30, -12, 31
OK 30, -12, 31
OK 30, -12, 25
OK 48, -4, 25
OK 48, -4, 25
OK 48, -4, 19
OK 67, 3, 19
OK 67, 3, 19
OK 67, 3, 13
OK 86, 7, 13
OK 86, 7, 13
OK 67, 3, 13
OK 67, 3, 13
OK 67, 3, 20
OK 67, 3, 20
OK 67, 3, 14
OK 86, 8, 14
OK 86, 8, 14
OK 86, 8, 8
OK 106, 11, 8
OK 106, 11, 8
OK 106, 11, 2
OK 126, 12, 2
OK 126, 12, 2
OK 126, 12, 356
OK 146, 11, 356
OK 146, 11, 356
OK 146, 11, 350
OK 166, 8, 350
OK 166, 8, 350
OK 166, 8, 344
OK 185, 2, 344
OK 185, 2, 344
OK 185, 2, 338
OK 204, -5, 338
OK 204, -5, 338
OK 204, -5, 332
OK 222, -14, 332
OK 222, -14, 332
OK 204, -5, 332
OK 204, -5, 332
OK 204, -5, 339
OK 204, -5, 339
OK 204, -5, 333
OK 222, -14, 333
OK 222, -14, 333
OK 222, -14, 327
OK 239, -25, 327
OK 239, -25, 327
OK 239, -25, 321
OK 255, -38, 321
OK 255, -38, 321
OK 255, -38, 315
OK 269, -52, 315
OK 269, -52, 315
OK 269, -52, 309
OK 282, -68, 309
OK 282, -68, 309
OK 282, -68, 303
OK 293, -85, 303
OK 293, -85, 303
OK 293, -85, 297
OK 302, -103, 297
OK 302, -103, 297
OK 302, -103, 291
OK 309, -122, 291
OK 309, -122, 291
OK 302, -103, 291
OK 302, -103, 291
OK 302, -103, 298
OK 302, -103, 298
OK 302, -103, 292
OK 309, -122, 292
OK 309, -122, 292
OK 309, -122, 286
OK 315, -141, 286
OK 315, -141, 286
OK 315, -141, 280
OK 318, -161, 280
OK 318, -161, 280
OK 318, -161, 274
OK 319, -181, 274
OK 319, -181, 274
OK 319, -181, 268
OK 318, -201, 268
OK 318, -201, 268
OK 318, -201, 262
OK 315, -221, 262
OK 315, -221, 262
OK 315, -221, 256
OK 310, -240, 256
OK 310, -240, 256
OK 310, -240, 250
OK 303, -259, 250
OK 303, -259, 250
OK 310, -240, 250
OK 310, -240, 250
OK 310, -240, 257
OK 310, -240, 257
OK 310, -240, 251
OK 303, -259, 251
OK 303, -259, 251
OK 303, -259, 245
OK 295, -277, 245
OK 295, -277, 245
OK 295, -277, 239
OK 285, -294, 239
OK 285, -294, 239
OK 285, -294, 233
OK 273, -310, 233
OK 273, -310, 233
OK 273, -310, 227
OK 259, -325, 227
OK 259, -325, 227
OK 259, -325, 221
OK 244, -338, 221
OK 244, -338, 221
OK 244, -338, 215
OK 228, -349, 215
OK 228, -349, 215
OK 228, -349, 209
OK 211, -359, 209
OK 211, -359, 209
OK 228, -349, 209
OK 228, -349, 209
OK 228, -349, 216
OK 228, -349, 216
OK 228, -349, 210
OK 211, -359, 210
OK 211, -359, 210
OK 211, -359, 204
OK 193, -367, 204
OK 193, -367, 204
OK 193, -367, 198
OK 174, -373, 198
OK 174, -373, 198
OK 174, -373, 192
OK 154, -377, 192
OK 154, -377, 192
OK 154, -377, 186
OK 134, -379, 186
OK 134, -379, 186
OK 134, -379, 180
OK 114, -379, 180
OK 114, -379, 180
OK 114, -379, 174
OK 94, -377, 174
OK 94, -377, 174
OK 94, -377, 168
OK 74, -373, 168
OK 74, -373, 168
OK 94, -377, 168
OK 94, -377, 168
OK 94, -377, 175
OK 94, -377, 175
OK 94, -377, 169
OK 74, -373, 169
OK 74, -373, 169
OK 74, -373, 163
OK 55, -367, 163
OK 55, -367, 163
OK 55, -367, 157
OK 37, -359, 157
OK 37, -359, 157
OK 37, -359, 151
OK 20, -349, 151
OK 20, -349, 151
OK 20, -349, 145
OK 4, -338, 145
OK 4, -338, 145
OK 4, -338, 139
OK -11, -325, 139
OK -11, -325, 139
OK -11, -325, 133
OK -25, -310, 133
OK -25, -310, 133
OK -25, -310, 127
OK -37, -294, 127
OK -37, -294, 127
OK -25, -310, 127
OK -25, -310, 127
OK -25, -310, 134
OK -25, -310, 134
OK -25, -310, 128
OK -37, -294, 128
OK -37, -294, 128
OK -37, -294, 122
OK -48, -277, 122
OK -48, -277, 122
OK -48, -277, 116
OK -57, -259, 116
OK -57, -259, 116
OK -57, -259, 110
OK -64, -240, 110
OK -64, -240, 110
OK -64, -240, 104
OK -69, -221, 104
OK -69, -221, 104
OK -69, -221, 98
OK -72, -201, 98
OK -72, -201, 98
OK -72, -201, 92
OK -73, -181, 92
OK -73, -181, 92
OK -73, -181, 86
OK -72, -161, 86
OK -72, -161, 86
OK -73, -181, 86
OK -73, -181, 86
OK -73, -181, 93
OK -73, -181, 93
OK -73, -181, 87
OK -72, -161, 87
OK -72, -161, 87
OK -72, -161, 81
OK -69, -141, 81
OK -69, -141, 81
OK -69, -141, 75
OK -64, -122, 75
OK -64, -122, 75
OK -64, -122, 69
OK -57, -103, 69
OK -57, -103, 69
OK -57, -103, 63
OK -48, -85, 63
OK -48, -85, 63
OK -48, -85, 57
OK -37, -68, 57
OK -37, -68, 57
OK -37, -68, 51
OK -24, -52, 51
OK -24, -52, 51
OK -24, -52, 45
OK -10, -38, 45
OK -10, -38, 45
OK -24, -52, 45
OK -24, -52, 45
OK -24, -52, 52
OK -24, -52, 52
OK -24, -52, 46
OK -10, -38, 46
OK -10, -38, 46
OK -10, -38, 40
OK 5, -25, 40
OK 5, -25, 40
OK 5, -25, 34
OK 22, -14, 34
OK 22, -14, 34
OK 22, -14, 28
OK 40, -5, 28
OK 40, -5, 28
OK 40, -5, 22
OK 59, 2, 22
OK 59, 2, 22
OK 59, 2, 16
OK 78, 8, 16
OK 78, 8, 16
OK 78, 8, 10
OK 98, 11, 10
OK 98, 11, 10
OK 98, 11, 4
OK 118, 12, 4
OK 118, 12, 4
OK 98, 11, 4
OK 98, 11, 4
OK 98, 11, 11
OK 98, 11, 11
OK 98, 11, 5
OK 118, 13, 5
OK 118, 13, 5
OK 118, 13, 359
OK 138, 13, 359
OK 138, 13, 359
OK 138, 13, 353
OK 158, 11, 353
OK 158, 11, 353
OK 158, 11, 347
OK 177, 7, 347
OK 177, 7, 347
OK 177, 7, 341
OK 196, 0, 341
OK 196, 0, 341
OK 196, 0, 335
OK 214, -8, 335
OK 214, -8, 335
OK 214, -8, 329
OK 231, -18, 329
OK 231, -18, 329
OK 231, -18, 323
OK 247, -30, 323
OK 247, -30, 323
OK 231, -18, 323
OK 231, -18, 323
OK 231, -18, 330
OK 231, -18, 330
OK 231, -18, 324
OK 247, -30, 324
OK 247, -30, 324
OK 247, -30, 318
OK 262, -43, 318
OK 262, -43, 318
OK 262, -43, 312
OK 275, -58, 312
OK 275, -58, 312
OK 275, -58, 306
OK 287, -74, 306
OK 287, -74, 306
OK 287, -74, 300
OK 297, -91, 300
OK 297, -91, 300
OK 297, -91, 294
OK 305, -109, 294
OK 305, -109, 294
OK 305, -109, 288
OK 311, -128, 288
OK 311, -128, 288
OK 311, -128, 282
OK 315, -148, 282
OK 315, -148, 282
OK 311, -128, 282
OK 311, -128, 282
OK 311, -128, 289
OK 311, -128, 289
OK 311, -128, 283
OK 315, -147, 283
OK 315, -147, 283
OK 315, -147, 277
OK 317, -167, 277
OK 317, -167, 277
OK 317, -167, 271
OK 317, -187, 271
OK 317, -187, 271
OK 317, -187, 265
OK 315, -207, 265
OK 315, -207, 265
OK 315, -207, 259
OK 311, -227, 259
OK 311, -227, 259
OK 311, -227, 253
OK 305, -246, 253
OK 305, -246, 253
OK 305, -246, 247
OK 297, -264, 247
OK 297, -264, 247
OK 297, -264, 241
OK 287, -281, 241
OK 287, -281, 241
OK 297, -264, 241
OK 297, -264, 241
OK 297, -264, 248
OK 297, -264, 248
OK 297, -264, 242
OK 288, -282, 242
OK 288, -282, 242
OK 288, -282, 236
OK 277, -299, 236
OK 277, -299, 236
OK 277, -299, 230
OK 264, -314, 230
OK 264, -314, 230
OK 264, -314, 224
OK 250, -328, 224
OK 250, -328, 224
OK 250, -328, 218
OK 234, -340, 218
OK 234, -340, 218
OK 234, -340, 212
OK 217, -351, 212
OK 217, -351, 212
OK 217, -351, 206
OK 199, -360, 206
OK 199, -360, 206
OK 199, -360, 200
OK 180, -367, 200
OK 180, -367, 200
OK 199, -360, 200
OK 199, -360, 200
OK 199, -360, 207
OK 199, -360, 207
OK 199, -360, 201
OK 180, -367, 201
OK 180, -367, 201
OK 180, -367, 195
OK 161, -372, 195
OK 161, -372, 195
OK 161, -372, 189
OK 141, -375, 189
OK 141, -375, 189
OK 141, -375, 183
OK 121, -376, 183
OK 121, -376, 183
OK 121, -376, 177
OK 101, -375, 177
OK 101, -375, 177
OK 101, -375, 171
OK 81, -372, 171
OK 81, -372, 171
OK 81, -372, 165
OK 62, -367, 165
OK 62, -367, 165
OK 62, -367, 159
OK 43, -360, 159
OK 43, -360, 159
OK 62, -367, 159
OK 62, -367, 159
OK 62, -367, 166
OK 62, -367, 166
OK 62, -367, 160
OK 43, -360, 160
OK 43, -360, 160
OK 43, -360, 154
OK 25, -351, 154
OK 25, -351, 154
OK 25, -351, 148
OK 8, -340, 148
OK 8, -340, 148
OK 8, -340, 142
OK -8, -328, 142
OK -8, -328, 142
OK -8, -328, 136
OK -22, -314, 136
OK -22, -314, 136
OK -22, -314, 130
OK -35, -299, 130
OK -35, -299, 130
OK -35, -299, 124
OK -46, -282, 124
OK -46, -282, 124
OK -46, -282, 118
OK -55, -264, 118
OK -55, -264, 118
OK -46, -282, 118
OK -46, -282, 118
OK -46, -282, 125
OK -46, -282, 125
OK -46, -282, 119
OK -56, -265, 119
OK -56, -265, 119
OK -56, -265, 113
OK -64, -247, 113
OK -64, -247, 113
OK -64, -247, 107
OK -70, -228, 107
OK -70, -228, 107
OK -70, -228, 101
OK -74, -208, 101
OK -74, -208, 101
OK -74, -208, 95
OK -76, -188, 95
OK -76, -188, 95
OK -76, -188, 89
OK -76, -168, 89
OK -76, -168, 89
OK -76, -168, 83
OK -74, -148, 83
OK -74, -148, 83
OK -74, -148, 77
OK -70, -129, 77
OK -70, -129, 77
OK -74, -148, 77
OK -74, -148, 77
OK -74, -148, 84
OK -74, -148, 84
OK -74, -148, 78
OK -70, -128, 78
OK -70, -128, 78
OK -70, -128, 72
OK -64, -109, 72
OK -64, -109, 72
OK -64, -109, 66
OK -56, -91, 66
OK -56, -91, 66
OK -56, -91, 60
OK -46, -74, 60
OK -46, -74, 60
OK -46, -74, 54
OK -34, -58, 54
OK -34, -58, 54
OK -34, -58, 48
OK -21, -43, 48
OK -21, -43, 48
OK -21, -43, 42
OK -6, -30, 42
OK -6, -30, 42
OK -6, -30, 36
OK 10, -18, 36
OK 10, -18, 36
OK -6, -30, 36
OK -6, -30, 36
OK -6, -30, 43
OK -6, -30, 43
OK -6, -30, 37
OK 10, -18, 37
OK 10, -18, 37
OK 10, -18, 31
OK 27, -8, 31
OK 27, -8, 31
OK 27, -8, 25
OK 45, 0, 25
OK 45, 0, 25
OK 45, 0, 19
OK 64, 7, 19
OK 64, 7, 19
OK 64, 7, 13
OK 83, 11, 13
OK 83, 11, 13
OK 83, 11, 7
OK 103, 13, 7
OK 103, 13, 7
OK 103, 13, 1
OK 123, 13, 1
OK 123, 13, 1
OK 123, 13, 355
OK 143, 11, 355
OK 143, 11, 355
OK 123, 13, 355
OK 123, 13, 355
OK 123, 13, 2
OK 123, 13, 2
OK 123, 13, 356
OK 143, 12, 356
OK 143, 12, 356
OK 143, 12, 350
OK 163, 9, 350
OK 163, 9, 350
OK 163, 9, 344
OK 182, 3, 344
OK 182, 3, 344
OK 182, 3, 338
OK 201, -4, 338
OK 201, -4, 338
OK 201, -4, 332
OK 219, -13, 332
OK 219, -13, 332
OK 219, -13, 326
OK 236, -24, 326
OK 236, -24, 326
OK 236, -24, 320
OK 251, -37, 320
OK 251, -37, 320
OK 251, -37, 314
OK 265, -51, 314
OK 265, -51, 314
OK 251, -37, 314
OK 251, -37, 314
OK 251, -37, 321
OK 251, -37, 321
OK 251, -37, 315
OK 265, -51, 315
OK 265, -51, 315
OK 265, -51, 309
OK 278, -67, 309
OK 278, -67, 309
OK 278, -67, 303
OK 289, -84, 303
OK 289, -84, 303
OK 289, -84, 297
OK 298, -102, 297
OK 298, -102, 297
OK 298, -102, 291
OK 305, -121, 291
OK 305, -121, 291
OK 305, -121, 285
OK 310, -140, 285
OK 310, -140, 285
OK 310, -140, 279
OK 313, -160, 279
OK 313, -160, 279
OK 313, -160, 273
OK 314, -180, 273
OK 314, -180, 273
OK 313, -160, 273
OK 313, -160, 273
OK 313, -160, 280
OK 313, -160, 280
OK 313, -160, 274
OK 314, -180, 274
OK 314, -180, 274
OK 314, -180, 268
OK 313, -200, 268
OK 313, -200, 268
OK 313, -200, 262
OK 310, -220, 262
OK 310, -220, 262
OK 310, -220, 256
OK 305, -239, 256
OK 305, -239, 256
OK 305, -239, 250
OK 298, -258, 250
OK 298, -258, 250
OK 298, -258, 244
OK 289, -276, 244
OK 289, -276, 244
OK 289, -276, 238
OK 278, -293, 238
OK 278, -293, 238
OK 278, -293, 232
OK 266, -309, 232
OK 266, -309, 232
OK 278, -293, 232
OK 278, -293, 232
OK 278, -293, 239
OK 278, -293, 239
OK 278, -293, 233
OK 266, -309, 233
OK 266, -309, 233
OK 266, -309, 227
OK 252, -324, 227
OK 252, -324, 227
OK 252, -324, 221
OK 237, -337, 221
OK 237, -337, 221
OK 237, -337, 215
OK 221, -348, 215
OK 221, -348, 215
OK 221, -348, 209
OK 204, -358, 209
OK 204, -358, 209
OK 204, -358, 203
OK 186, -366, 203
OK 186, -366, 203
OK 186, -366, 197
OK 167, -372, 197
OK 167, -372, 197
OK 167, -372, 191
OK 147, -376, 191
OK 147, -376, 191
OK 167, -372, 191
OK 167, -372, 191
OK 167, -372, 198
OK 167, -372, 198
OK 167, -372, 192
OK 147, -376, 192
OK 147, -376, 192
OK 147, -376, 186
OK 127, -378, 186
OK 127, -378, 186
OK 127, -378, 180
OK 107, -378, 180
OK 107, -378, 180
OK 107, -378, 174
OK 87, -376, 174
OK 87, -376, 174
OK 87, -376, 168
OK 67, -372, 168
OK 67, -372, 168
OK 67, -372, 162
OK 48, -366, 162
OK 48, -366, 162
OK 48, -366, 156
OK 30, -358, 156
OK 30, -358, 156
OK 30, -358, 150
OK 13, -348, 150
OK 13, -348, 150
OK 30, -358, 150
OK 30, -358, 150
OK 0, 0, 150
