OK 0, 0, 90
OK 0, 0, 95
OK 0, 0, 95
OK -1, 6, 95
OK -1, 6, 95
OK -2, 12, 95
OK -2, 12, 95
OK -3, 18, 95
OK -3, 18, 95
OK -4, 24, 95
OK -4, 24, 95
OK -5, 30, 95
OK -5, 30, 95
OK -5, 30, 95
OK -5, 30, 100
OK -5, 30, 100
OK -6, 36, 100
OK -6, 36, 100
OK -7, 42, 100
OK -7, 42, 100
OK -8, 48, 100
OK -8, 48, 100
OK -9, 54, 100
OK -9, 54, 100
OK -10, 60, 100
OK -10, 60, 100
OK -10, 60, 100
OK -10, 60, 105
OK -10, 60, 105
OK -12, 66, 105
OK -12, 66, 105
OK -14, 72, 105
OK -14, 72, 105
OK -16, 78, 105
OK -16, 78, 105
OK -18, 84, 105
OK -18, 84, 105
OK -20, 90, 105
OK -20, 90, 105
OK -20, 90, 105
OK -20, 90, 110
OK -20, 90, 110
OK -22, 96, 110
OK -22, 96, 110
OK -24, 102, 110
OK -24, 102, 110
OK -26, 108, 110
OK -26, 108, 110
OK -28, 114, 110
OK -28, 114, 110
OK -30, 120, 110
OK -30, 120, 110
OK -30, 120, 110
OK -30, 120, 115
OK -30, 120, 115
OK -33, 125, 115
OK -33, 125, 115
OK -36, 130, 115
OK -36, 130, 115
OK -39, 135, 115
OK -39, 135, 115
OK -42, 140, 115
OK -42, 140, 115
OK -45, 145, 115
OK -45, 145, 115
OK -45, 145, 115
