OK 0, 0, 90
OK 0, 0, 89
OK 0, 1, 89
OK 0, 1, 89
OK 0, 1, 88
OK 0, 2, 88
OK 0, 2, 88
OK 0, 2, 87
OK 0, 3, 87
OK 0, 3, 87
OK 0, 3, 86
OK 0, 4, 86
OK 0, 4, 86
OK 0, 4, 85
OK 0, 5, 85
OK 0, 5, 85
OK 0, 5, 84
OK 0, 6, 84
OK 0, 6, 84
OK 0, 6, 83
OK 0, 7, 83
OK 0, 7, 83
OK 0, 7, 82
OK 0, 8, 82
OK 0, 8, 82
OK 0, 8, 81
OK 0, 9, 81
OK 0, 9, 81
OK 0, 9, 80
OK 0, 10, 80
OK 0, 10, 80
OK 0, 10, 79
OK 0, 11, 79
OK 0, 11, 79
OK 0, 11, 78
OK 0, 12, 78
OK 0, 12, 78
OK 0, 12, 77
OK 0, 13, 77
OK 0, 13, 77
OK 0, 13, 76
OK 0, 14, 76
OK 0, 14, 76
OK 0, 14, 75
OK 0, 15, 75
OK 0, 15, 75
OK 0, 15, 74
OK 0, 16, 74
OK 0, 16, 74
OK 0, 16, 73
OK 0, 17, 73
OK 0, 17, 73
OK 0, 17, 72
OK 0, 18, 72
OK 0, 18, 72
OK 0, 18, 71
OK 0, 19, 71
OK 0, 19, 71
OK 0, 19, 70
OK 0, 20, 70
OK 0, 20, 70
OK 0, 20, 69
OK 0, 21, 69
OK 0, 21, 69
OK 0, 21, 68
OK 0, 22, 68
OK 0, 22, 68
OK 0, 22, 67
OK 0, 23, 67
OK 0, 23, 67
OK 0, 23, 66
OK 0, 24, 66
OK 0, 24, 66
OK 0, 24, 65
OK 0, 25, 65
OK 0, 25, 65
OK 0, 25, 64
OK 0, 26, 64
OK 0, 26, 64
OK 0, 26, 63
OK 0, 27, 63
OK 0, 27, 63
OK 0, 27, 62
OK 0, 28, 62
OK 0, 28, 62
OK 0, 28, 61
OK 0, 29, 61
OK 0, 29, 61
OK 0, 29, 60
OK 1, 30, 60
OK 1, 30, 60
OK 1, 30, 59
OK 2, 31, 59
OK 2, 31, 59
OK 2, 31, 58
OK 3, 32, 58
OK 3, 32, 58
OK 3, 32, 57
OK 4, 33, 57
OK 4, 33, 57
OK 4, 33, 56
OK 5, 34, 56
OK 5, 34, 56
OK 5, 34, 55
OK 6, 35, 55
OK 6, 35, 55
OK 6, 35, 54
OK 7, 36, 54
OK 7, 36, 54
OK 7, 36, 53
OK 8, 37, 53
OK 8, 37, 53
OK 8, 37, 52
OK 9, 38, 52
OK 9, 38, 52
OK 9, 38, 51
OK 10, 39, 51
OK 10, 39, 51
OK 10, 39, 50
OK 11, 40, 50
OK 11, 40, 50
OK 11, 40, 49
OK 12, 41, 49
OK 12, 41, 49
OK 12, 41, 48
OK 13, 42, 48
OK 13, 42, 48
OK 13, 42, 47
OK 14, 43, 47
OK 14, 43, 47
OK 14, 43, 46
OK 15, 44, 46
OK 15, 44, 46
OK 15, 44, 45
OK 16, 45, 45
OK 16, 45, 45
OK 16, 45, 44
OK 17, 46, 44
OK 17, 46, 44
OK 17, 46, 43
OK 18, 47, 43
OK 18, 47, 43
OK 18, 47, 42
OK 19, 48, 42
OK 19, 48, 42
OK 19, 48, 41
OK 20, 49, 41
OK 20, 49, 41
OK 20, 49, 40
OK 21, 50, 40
OK 21, 50, 40
OK 21, 50, 39
OK 22, 51, 39
OK 22, 51, 39
OK 22, 51, 38
OK 23, 52, 38
OK 23, 52, 38
OK 23, 52, 37
OK 24, 53, 37
OK 24, 53, 37
OK 24, 53, 36
OK 25, 54, 36
OK 25, 54, 36
OK 25, 54, 35
OK 26, 55, 35
OK 26, 55, 35
OK 26, 55, 34
OK 27, 56, 34
OK 27, 56, 34
OK 27, 56, 33
OK 28, 57, 33
OK 28, 57, 33
OK 28, 57, 32
OK 29, 58, 32
OK 29, 58, 32
OK 29, 58, 31
OK 30, 59, 31
OK 30, 59, 31
OK 30, 59, 30
OK 31, 60, 30
OK 31, 60, 30
OK 31, 60, 29
OK 32, 60, 29
OK 32, 60, 29
OK 32, 60, 28
OK 33, 60, 28
OK 33, 60, 28
OK 33, 60, 27
OK 34, 60, 27
OK 34, 60, 27
OK 34, 60, 26
OK 35, 60, 26
OK 35, 60, 26
OK 35, 60, 25
OK 36, 60, 25
OK 36, 60, 25
OK 36, 60, 24
OK 37, 60, 24
OK 37, 60, 24
OK 37, 60, 23
OK 38, 60, 23
OK 38, 60, 23
OK 38, 60, 22
OK 39, 60, 22
OK 39, 60, 22
OK 39, 60, 21
OK 40, 60, 21
OK 40, 60, 21
OK 40, 60, 20
OK 41, 60, 20
OK 41, 60, 20
OK 41, 60, 19
OK 42, 60, 19
OK 42, 60, 19
OK 42, 60, 18
OK 43, 60, 18
OK 43, 60, 18
OK 43, 60, 17
OK 44, 60, 17
OK 44, 60, 17
OK 44, 60, 16
OK 45, 60, 16
OK 45, 60, 16
OK 45, 60, 15
OK 46, 60, 15
OK 46, 60, 15
OK 46, 60, 14
OK 47, 60, 14
OK 47, 60, 14
OK 47, 60, 13
OK 48, 60, 13
OK 48, 60, 13
OK 48, 60, 12
OK 49, 60, 12
OK 49, 60, 12
OK 49, 60, 11
OK 50, 60, 11
OK 50, 60, 11
OK 50, 60, 10
OK 51, 60, 10
OK 51, 60, 10
OK 51, 60, 9
OK 52, 60, 9
OK 52, 60, 9
OK 52, 60, 8
OK 53, 60, 8
OK 53, 60, 8
OK 53, 60, 7
OK 54, 60, 7
OK 54, 60, 7
OK 54, 60, 6
OK 55, 60, 6
OK 55, 60, 6
OK 55, 60, 5
OK 56, 60, 5
OK 56, 60, 5
OK 56, 60, 4
OK 57, 60, 4
OK 57, 60, 4
OK 57, 60, 3
OK 58, 60, 3
OK 58, 60, 3
OK 58, 60, 2
OK 59, 60, 2
OK 59, 60, 2
OK 59, 60, 1
OK 60, 60, 1
OK 60, 60, 1
OK 60, 60, 0
OK 61, 60, 0
OK 61, 60, 0
OK 61, 60, 359
OK 62, 60, 359
OK 62, 60, 359
OK 62, 60, 358
OK 63, 60, 358
OK 63, 60, 358
OK 63, 60, 357
OK 64, 60, 357
OK 64, 60, 357
OK 64, 60, 356
OK 65, 60, 356
OK 65, 60, 356
OK 65, 60, 355
OK 66, 60, 355
OK 66, 60, 355
OK 66, 60, 354
OK 67, 60, 354
OK 67, 60, 354
OK 67, 60, 353
OK 68, 60, 353
OK 68, 60, 353
OK 68, 60, 352
OK 69, 60, 352
OK 69, 60, 352
OK 69, 60, 351
OK 70, 60, 351
OK 70, 60, 351
OK 70, 60, 350
OK 71, 60, 350
OK 71, 60, 350
OK 71, 60, 349
OK 72, 60, 349
OK 72, 60, 349
OK 72, 60, 348
OK 73, 60, 348
OK 73, 60, 348
OK 73, 60, 347
OK 74, 60, 347
OK 74, 60, 347
OK 74, 60, 346
OK 75, 60, 346
OK 75, 60, 346
OK 75, 60, 345
OK 76, 60, 345
OK 76, 60, 345
OK 76, 60, 344
OK 77, 60, 344
OK 77, 60, 344
OK 77, 60, 343
OK 78, 60, 343
OK 78, 60, 343
OK 78, 60, 342
OK 79, 60, 342
OK 79, 60, 342
OK 79, 60, 341
OK 80, 60, 341
OK 80, 60, 341
OK 80, 60, 340
OK 81, 60, 340
OK 81, 60, 340
OK 81, 60, 339
OK 82, 60, 339
OK 82, 60, 339
OK 82, 60, 338
OK 83, 60, 338
OK 83, 60, 338
OK 83, 60, 337
OK 84, 60, 337
OK 84, 60, 337
OK 84, 60, 336
OK 85, 60, 336
OK 85, 60, 336
OK 85, 60, 335
OK 86, 60, 335
OK 86, 60, 335
OK 86, 60, 334
OK 87, 60, 334
OK 87, 60, 334
OK 87, 60, 333
OK 88, 60, 333
OK 88, 60, 333
OK 88, 60, 332
OK 89, 60, 332
OK 89, 60, 332
OK 89, 60, 331
OK 90, 60, 331
OK 90, 60, 331
OK 90, 60, 330
OK 91, 60, 330
OK 91, 60, 330
OK 91, 60, 329
OK 92, 59, 329
OK 92, 59, 329
OK 92, 59, 328
OK 93, 58, 328
OK 93, 58, 328
OK 93, 58, 327
OK 94, 57, 327
OK 94, 57, 327
OK 94, 57, 326
OK 95, 56, 326
OK 95, 56, 326
OK 95, 56, 325
OK 96, 55, 325
OK 96, 55, 325
OK 96, 55, 324
OK 97, 54, 324
OK 97, 54, 324
OK 97, 54, 323
OK 98, 53, 323
OK 98, 53, 323
OK 98, 53, 322
OK 99, 52, 322
OK 99, 52, 322
OK 99, 52, 321
OK 100, 51, 321
OK 100, 51, 321
OK 100, 51, 320
OK 101, 50, 320
OK 101, 50, 320
OK 101, 50, 319
OK 102, 49, 319
OK 102, 49, 319
OK 102, 49, 318
OK 103, 48, 318
OK 103, 48, 318
OK 103, 48, 317
OK 104, 47, 317
OK 104, 47, 317
OK 104, 47, 316
OK 105, 46, 316
OK 105, 46, 316
OK 105, 46, 315
OK 106, 45, 315
OK 106, 45, 315
OK 106, 45, 314
OK 107, 44, 314
OK 107, 44, 314
OK 107, 44, 313
OK 108, 43, 313
OK 108, 43, 313
OK 108, 43, 312
OK 109, 42, 312
OK 109, 42, 312
OK 109, 42, 311
OK 110, 41, 311
OK 110, 41, 311
OK 110, 41, 310
OK 111, 40, 310
OK 111, 40, 310
OK 111, 40, 309
OK 112, 39, 309
OK 112, 39, 309
OK 112, 39, 308
OK 113, 38, 308
OK 113, 38, 308
OK 113, 38, 307
OK 114, 37, 307
OK 114, 37, 307
OK 114, 37, 306
OK 115, 36, 306
OK 115, 36, 306
OK 115, 36, 305
OK 116, 35, 305
OK 116, 35, 305
OK 116, 35, 304
OK 117, 34, 304
OK 117, 34, 304
OK 117, 34, 303
OK 118, 33, 303
OK 118, 33, 303
OK 118, 33, 302
OK 119, 32, 302
OK 119, 32, 302
OK 119, 32, 301
OK 120, 31, 301
OK 120, 31, 301
OK 120, 31, 300
OK 121, 30, 300
OK 121, 30, 300
OK 121, 30, 299
OK 121, 29, 299
OK 121, 29, 299
OK 121, 29, 298
OK 121, 28, 298
OK 121, 28, 298
OK 121, 28, 297
OK 121, 27, 297
OK 121, 27, 297
OK 121, 27, 296
OK 121, 26, 296
OK 121, 26, 296
OK 121, 26, 295
OK 121, 25, 295
OK 121, 25, 295
OK 121, 25, 294
OK 121, 24, 294
OK 121, 24, 294
OK 121, 24, 293
OK 121, 23, 293
OK 121, 23, 293
OK 121, 23, 292
OK 121, 22, 292
OK 121, 22, 292
OK 121, 22, 291
OK 121, 21, 291
OK 121, 21, 291
OK 121, 21, 290
OK 121, 20, 290
OK 121, 20, 290
OK 121, 20, 289
OK 121, 19, 289
OK 121, 19, 289
OK 121, 19, 288
OK 121, 18, 288
OK 121, 18, 288
OK 121, 18, 287
OK 121, 17, 287
OK 121, 17, 287
OK 121, 17, 286
OK 121, 16, 286
OK 121, 16, 286
OK 121, 16, 285
OK 121, 15, 285
OK 121, 15, 285
OK 121, 15, 284
OK 121, 14, 284
OK 121, 14, 284
OK 121, 14, 283
OK 121, 13, 283
OK 121, 13, 283
OK 121, 13, 282
OK 121, 12, 282
OK 121, 12, 282
OK 121, 12, 281
OK 121, 11, 281
OK 121, 11, 281
OK 121, 11, 280
OK 121, 10, 280
OK 121, 10, 280
OK 121, 10, 279
OK 121, 9, 279
OK 121, 9, 279
OK 121, 9, 278
OK 121, 8, 278
OK 121, 8, 278
OK 121, 8, 277
OK 121, 7, 277
OK 121, 7, 277
OK 121, 7, 276
OK 121, 6, 276
OK 121, 6, 276
OK 121, 6, 275
OK 121, 5, 275
OK 121, 5, 275
OK 121, 5, 274
OK 121, 4, 274
OK 121, 4, 274
OK 121, 4, 273
OK 121, 3, 273
OK 121, 3, 273
OK 121, 3, 272
OK 121, 2, 272
OK 121, 2, 272
OK 121, 2, 271
OK 121, 1, 271
OK 121, 1, 271
OK 121, 1, 270
OK 121, 0, 270
OK 121, 0, 270
OK 121, 0, 269
OK 121, -1, 269
OK 121, -1, 269
OK 121, -1, 268
OK 121, -2, 268
OK 121, -2, 268
OK 121, -2, 267
OK 121, -3, 267
OK 121, -3, 267
OK 121, -3, 266
OK 121, -4, 266
OK 121, -4, 266
OK 121, -4, 265
OK 121, -5, 265
OK 121, -5, 265
OK 121, -5, 264
OK 121, -6, 264
OK 121, -6, 264
OK 121, -6, 263
OK 121, -7, 263
OK 121, -7, 263
OK 121, -7, 262
OK 121, -8, 262
OK 121, -8, 262
OK 121, -8, 261
OK 121, -9, 261
OK 121, -9, 261
OK 121, -9, 260
OK 121, -10, 260
OK 121, -10, 260
OK 121, -10, 259
OK 121, -11, 259
OK 121, -11, 259
OK 121, -11, 258
OK 121, -12, 258
OK 121, -12, 258
OK 121, -12, 257
OK 121, -13, 257
OK 121, -13, 257
OK 121, -13, 256
OK 121, -14, 256
OK 121, -14, 256
OK 121, -14, 255
OK 121, -15, 255
OK 121, -15, 255
OK 121, -15, 254
OK 121, -16, 254
OK 121, -16, 254
OK 121, -16, 253
OK 121, -17, 253
OK 121, -17, 253
OK 121, -17, 252
OK 121, -18, 252
OK 121, -18, 252
OK 121, -18, 251
OK 121, -19, 251
OK 121, -19, 251
OK 121, -19, 250
OK 121, -20, 250
OK 121, -20, 250
OK 121, -20, 249
OK 121, -21, 249
OK 121, -21, 249
OK 121, -21, 248
OK 121, -22, 248
OK 121, -22, 248
OK 121, -22, 247
OK 121, -23, 247
OK 121, -23, 247
OK 121, -23, 246
OK 121, -24, 246
OK 121, -24, 246
OK 121, -24, 245
OK 121, -25, 245
OK 121, -25, 245
OK 121, -25, 244
OK 121, -26, 244
OK 121, -26, 244
OK 121, -26, 243
OK 121, -27, 243
OK 121, -27, 243
OK 121, -27, 242
OK 121, -28, 242
OK 121, -28, 242
OK 121, -28, 241
OK 121, -29, 241
OK 121, -29, 241
OK 121, -29, 240
OK 121, -30, 240
OK 121, -30, 240
OK 121, -30, 239
OK 120, -31, 239
OK 120, -31, 239
OK 120, -31, 238
OK 119, -32, 238
OK 119, -32, 238
OK 119, -32, 237
OK 118, -33, 237
OK 118, -33, 237
OK 118, -33, 236
OK 117, -34, 236
OK 117, -34, 236
OK 117, -34, 235
OK 116, -35, 235
OK 116, -35, 235
OK 116, -35, 234
OK 115, -36, 234
OK 115, -36, 234
OK 115, -36, 233
OK 114, -37, 233
OK 114, -37, 233
OK 114, -37, 232
OK 113, -38, 232
OK 113, -38, 232
OK 113, -38, 231
OK 112, -39, 231
OK 112, -39, 231
OK 112, -39, 230
OK 111, -40, 230
OK 111, -40, 230
OK 111, -40, 229
OK 110, -41, 229
OK 110, -41, 229
OK 110, -41, 228
OK 109, -42, 228
OK 109, -42, 228
OK 109, -42, 227
OK 108, -43, 227
OK 108, -43, 227
OK 108, -43, 226
OK 107, -44, 226
OK 107, -44, 226
OK 107, -44, 225
OK 106, -45, 225
OK 106, -45, 225
OK 106, -45, 224
OK 105, -46, 224
OK 105, -46, 224
OK 105, -46, 223
OK 104, -47, 223
OK 104, -47, 223
OK 104, -47, 222
OK 103, -48, 222
OK 103, -48, 222
OK 103, -48, 221
OK 102, -49, 221
OK 102, -49, 221
OK 102, -49, 220
OK 101, -50, 220
OK 101, -50, 220
OK 101, -50, 219
OK 100, -51, 219
OK 100, -51, 219
OK 100, -51, 218
OK 99, -52, 218
OK 99, -52, 218
OK 99, -52, 217
OK 98, -53, 217
OK 98, -53, 217
OK 98, -53, 216
OK 97, -54, 216
OK 97, -54, 216
OK 97, -54, 215
OK 96, -55, 215
OK 96, -55, 215
OK 96, -55, 214
OK 95, -56, 214
OK 95, -56, 214
OK 95, -56, 213
OK 94, -57, 213
OK 94, -57, 213
OK 94, -57, 212
OK 93, -58, 212
OK 93, -58, 212
OK 93, -58, 211
OK 92, -59, 211
OK 92, -59, 211
OK 92, -59, 210
OK 91, -59, 210
OK 91, -59, 210
OK 91, -59, 209
OK 90, -59, 209
OK 90, -59, 209
OK 90, -59, 208
OK 89, -59, 208
OK 89, -59, 208
OK 89, -59, 207
OK 88, -59, 207
OK 88, -59, 207
OK 88, -59, 206
OK 87, -59, 206
OK 87, -59, 206
OK 87, -59, 205
OK 86, -59, 205
OK 86, -59, 205
OK 86, -59, 204
OK 85, -59, 204
OK 85, -59, 204
OK 85, -59, 203
OK 84, -59, 203
OK 84, -59, 203
OK 84, -59, 202
OK 83, -59, 202
OK 83, -59, 202
OK 83, -59, 201
OK 82, -59, 201
OK 82, -59, 201
OK 82, -59, 200
OK 81, -59, 200
OK 81, -59, 200
OK 81, -59, 199
OK 80, -59, 199
OK 80, -59, 199
OK 80, -59, 198
OK 79, -59, 198
OK 79, -59, 198
OK 79, -59, 197
OK 78, -59, 197
OK 78, -59, 197
OK 78, -59, 196
OK 77, -59, 196
OK 77, -59, 196
OK 77, -59, 195
OK 76, -59, 195
OK 76, -59, 195
OK 76, -59, 194
OK 75, -59, 194
OK 75, -59, 194
OK 75, -59, 193
OK 74, -59, 193
OK 74, -59, 193
OK 74, -59, 192
OK 73, -59, 192
OK 73, -59, 192
OK 73, -59, 191
OK 72, -59, 191
OK 72, -59, 191
OK 72, -59, 190
OK 71, -59, 190
OK 71, -59, 190
OK 71, -59, 189
OK 70, -59, 189
OK 70, -59, 189
OK 70, -59, 188
OK 69, -59, 188
OK 69, -59, 188
OK 69, -59, 187
OK 68, -59, 187
OK 68, -59, 187
OK 68, -59, 186
OK 67, -59, 186
OK 67, -59, 186
OK 67, -59, 185
OK 66, -59, 185
OK 66, -59, 185
OK 66, -59, 184
OK 65, -59, 184
OK 65, -59, 184
OK 65, -59, 183
OK 64, -59, 183
OK 64, -59, 183
OK 64, -59, 182
OK 63, -59, 182
OK 63, -59, 182
OK 63, -59, 181
OK 62, -59, 181
OK 62, -59, 181
OK 62, -59, 180
OK 61, -59, 180
OK 61, -59, 180
OK 61, -59, 179
OK 60, -59, 179
OK 60, -59, 179
OK 60, -59, 178
OK 59, -59, 178
OK 59, -59, 178
OK 59, -59, 177
OK 58, -59, 177
OK 58, -59, 177
OK 58, -59, 176
OK 57, -59, 176
OK 57, -59, 176
OK 57, -59, 175
OK 56, -59, 175
OK 56, -59, 175
OK 56, -59, 174
OK 55, -59, 174
OK 55, -59, 174
OK 55, -59, 173
OK 54, -59, 173
OK 54, -59, 173
OK 54, -59, 172
OK 53, -59, 172
OK 53, -59, 172
OK 53, -59, 171
OK 52, -59, 171
OK 52, -59, 171
OK 52, -59, 170
OK 51, -59, 170
OK 51, -59, 170
OK 51, -59, 169
OK 50, -59, 169
OK 50, -59, 169
OK 50, -59, 168
OK 49, -59, 168
OK 49, -59, 168
OK 49, -59, 167
OK 48, -59, 167
OK 48, -59, 167
OK 48, -59, 166
OK 47, -59, 166
OK 47, -59, 166
OK 47, -59, 165
OK 46, -59, 165
OK 46, -59, 165
OK 46, -59, 164
OK 45, -59, 164
OK 45, -59, 164
OK 45, -59, 163
OK 44, -59, 163
OK 44, -59, 163
OK 44, -59, 162
OK 43, -59, 162
OK 43, -59, 162
OK 43, -59, 161
OK 42, -59, 161
OK 42, -59, 161
OK 42, -59, 160
OK 41, -59, 160
OK 41, -59, 160
OK 41, -59, 159
OK 40, -59, 159
OK 40, -59, 159
OK 40, -59, 158
OK 39, -59, 158
OK 39, -59, 158
OK 39, -59, 157
OK 38, -59, 157
OK 38, -59, 157
OK 38, -59, 156
OK 37, -59, 156
OK 37, -59, 156
OK 37, -59, 155
OK 36, -59, 155
OK 36, -59, 155
OK 36, -59, 154
OK 35, -59, 154
OK 35, -59, 154
OK 35, -59, 153
OK 34, -59, 153
OK 34, -59, 153
OK 34, -59, 152
OK 33, -59, 152
OK 33, -59, 152
OK 33, -59, 151
OK 32, -59, 151
OK 32, -59, 151
OK 32, -59, 150
OK 31, -58, 150
OK 31, -58, 150
OK 31, -58, 149
OK 30, -57, 149
OK 30, -57, 149
OK 30, -57, 148
OK 29, -56, 148
OK 29, -56, 148
OK 29, -56, 147
OK 28, -55, 147
OK 28, -55, 147
OK 28, -55, 146
OK 27, -54, 146
OK 27, -54, 146
OK 27, -54, 145
OK 26, -53, 145
OK 26, -53, 145
OK 26, -53, 144
OK 25, -52, 144
OK 25, -52, 144
OK 25, -52, 143
OK 24, -51, 143
OK 24, -51, 143
OK 24, -51, 142
OK 23, -50, 142
OK 23, -50, 142
OK 23, -50, 141
OK 22, -49, 141
OK 22, -49, 141
OK 22, -49, 140
OK 21, -48, 140
OK 21, -48, 140
OK 21, -48, 139
OK 20, -47, 139
OK 20, -47, 139
OK 20, -47, 138
OK 19, -46, 138
OK 19, -46, 138
OK 19, -46, 137
OK 18, -45, 137
OK 18, -45, 137
OK 18, -45, 136
OK 17, -44, 136
OK 17, -44, 136
OK 17, -44, 135
OK 16, -43, 135
OK 16, -43, 135
OK 16, -43, 134
OK 15, -42, 134
OK 15, -42, 134
OK 15, -42, 133
OK 14, -41, 133
OK 14, -41, 133
OK 14, -41, 132
OK 13, -40, 132
OK 13, -40, 132
OK 13, -40, 131
OK 12, -39, 131
OK 12, -39, 131
OK 12, -39, 130
OK 11, -38, 130
OK 11, -38, 130
OK 11, -38, 129
OK 10, -37, 129
OK 10, -37, 129
OK 10, -37, 128
OK 9, -36, 128
OK 9, -36, 128
OK 9, -36, 127
OK 8, -35, 127
OK 8, -35, 127
OK 8, -35, 126
OK 7, -34, 126
OK 7, -34, 126
OK 7, -34, 125
OK 6, -33, 125
OK 6, -33, 125
OK 6, -33, 124
OK 5, -32, 124
OK 5, -32, 124
OK 5, -32, 123
OK 4, -31, 123
OK 4, -31, 123
OK 4, -31, 122
OK 3, -30, 122
OK 3, -30, 122
OK 3, -30, 121
OK 2, -29, 121
OK 2, -29, 121
OK 2, -29, 120
OK 2, -28, 120
OK 2, -28, 120
OK 2, -28, 119
OK 2, -27, 119
OK 2, -27, 119
OK 2, -27, 118
OK 2, -26, 118
OK 2, -26, 118
OK 2, -26, 117
OK 2, -25, 117
OK 2, -25, 117
OK 2, -25, 116
OK 2, -24, 116
OK 2, -24, 116
OK 2, -24, 115
OK 2, -23, 115
OK 2, -23, 115
OK 2, -23, 114
OK 2, -22, 114
OK 2, -22, 114
OK 2, -22, 113
OK 2, -21, 113
OK 2, -21, 113
OK 2, -21, 112
OK 2, -20, 112
OK 2, -20, 112
OK 2, -20, 111
OK 2, -19, 111
OK 2, -19, 111
OK 2, -19, 110
OK 2, -18, 110
OK 2, -18, 110
OK 2, -18, 109
OK 2, -17, 109
OK 2, -17, 109
OK 2, -17, 108
OK 2, -16, 108
OK 2, -16, 108
OK 2, -16, 107
OK 2, -15, 107
OK 2, -15, 107
OK 2, -15, 106
OK 2, -14, 106
OK 2, -14, 106
OK 2, -14, 105
OK 2, -13, 105
OK 2, -13, 105
OK 2, -13, 104
OK 2, -12, 104
OK 2, -12, 104
OK 2, -12, 103
OK 2, -11, 103
OK 2, -11, 103
OK 2, -11, 102
OK 2, -10, 102
OK 2, -10, 102
OK 2, -10, 101
OK 2, -9, 101
OK 2, -9, 101
OK 2, -9, 100
OK 2, -8, 100
OK 2, -8, 100
OK 2, -8, 99
OK 2, -7, 99
OK 2, -7, 99
OK 2, -7, 98
OK 2, -6, 98
OK 2, -6, 98
OK 2, -6, 97
OK 2, -5, 97
OK 2, -5, 97
OK 2, -5, 96
OK 2, -4, 96
OK 2, -4, 96
OK 2, -4, 95
OK 2, -3, 95
OK 2, -3, 95
OK 2, -3, 94
OK 2, -2, 94
OK 2, -2, 94
OK 2, -2, 93
OK 2, -1, 93
OK 2, -1, 93
OK 2, -1, 92
OK 2, 0, 92
OK 2, 0, 92
OK 2, 0, 91
OK 2, 1, 91
OK 2, 1, 91
OK 2, 1, 90
OK 2, 2, 90
OK 2, 2, 90
