OK 0, 0, 90
OK 0, 0, 85
OK 0, 0, 355
OK 90, -8, 355
OK 90, -8, 265
OK 86, -53, 265
OK 86, -53, 175
OK -4, -45, 175
OK -4, -45, 85
OK 0, 0, 85
OK 0, 0, 85
OK 0, 0, 80
OK 0, 0, 350
OK 89, -16, 350
OK 89, -16, 260
OK 81, -60, 260
OK 81, -60, 170
OK -8, -44, 170
OK -8, -44, 80
OK 0, 0, 80
OK 0, 0, 80
OK 0, 0, 75
OK 0, 0, 345
OK 87, -23, 345
OK 87, -23, 255
OK 75, -66, 255
OK 75, -66, 165
OK -12, -43, 165
OK -12, -43, 75
OK 0, 0, 75
OK 0, 0, 75
OK 0, 0, 70
OK 0, 0, 340
OK 85, -31, 340
OK 85, -31, 250
OK 70, -73, 250
OK 70, -73, 160
OK -15, -42, 160
OK -15, -42, 70
OK 0, 0, 70
OK 0, 0, 70
OK 0, 0, 65
OK 0, 0, 335
OK 82, -38, 335
OK 82, -38, 245
OK 63, -79, 245
OK 63, -79, 155
OK -19, -41, 155
OK -19, -41, 65
OK 0, 0, 65
OK 0, 0, 65
OK 0, 0, 60
OK 0, 0, 330
OK 78, -45, 330
OK 78, -45, 240
OK 55, -84, 240
OK 55, -84, 150
OK -23, -39, 150
OK -23, -39, 60
OK 0, 0, 60
OK 0, 0, 60
OK 0, 0, 55
OK 0, 0, 325
OK 74, -52, 325
OK 74, -52, 235
OK 48, -89, 235
OK 48, -89, 145
OK -26, -37, 145
OK -26, -37, 55
OK 0, 0, 55
OK 0, 0, 55
OK 0, 0, 50
OK 0, 0, 320
OK 69, -58, 320
OK 69, -58, 230
OK 40, -92, 230
OK 40, -92, 140
OK -29, -34, 140
OK -29, -34, 50
OK 0, 0, 50
OK 0, 0, 50
OK 0, 0, 45
OK 0, 0, 315
OK 64, -64, 315
OK 64, -64, 225
OK 32, -96, 225
OK 32, -96, 135
OK -32, -32, 135
OK -32, -32, 45
OK 0, 0, 45
OK 0, 0, 45
OK 0, 0, 40
OK 0, 0, 310
OK 58, -69, 310
OK 58, -69, 220
OK 24, -98, 220
OK 24, -98, 130
OK -34, -29, 130
OK -34, -29, 40
OK 0, 0, 40
OK 0, 0, 40
OK 0, 0, 35
OK 0, 0, 305
OK 52, -74, 305
OK 52, -74, 215
OK 15, -100, 215
OK 15, -100, 125
OK -37, -26, 125
OK -37, -26, 35
OK 0, 0, 35
OK 0, 0, 35
OK 0, 0, 30
OK 0, 0, 300
OK 45, -78, 300
OK 45, -78, 210
OK 6, -100, 210
OK 6, -100, 120
OK -39, -22, 120
OK -39, -22, 30
OK 0, 0, 30
OK 0, 0, 30
OK 0, 0, 25
OK 0, 0, 295
OK 38, -82, 295
OK 38, -82, 205
OK -3, -101, 205
OK -3, -101, 115
OK -41, -19, 115
OK -41, -19, 25
OK 0, 0, 25
OK 0, 0, 25
OK 0, 0, 20
OK 0, 0, 290
OK 31, -85, 290
OK 31, -85, 200
OK -11, -100, 200
OK -11, -100, 110
OK -42, -15, 110
OK -42, -15, 20
OK 0, 0, 20
OK 0, 0, 20
OK 0, 0, 15
OK 0, 0, 285
OK 23, -87, 285
OK 23, -87, 195
OK -20, -99, 195
OK -20, -99, 105
OK -43, -12, 105
OK -43, -12, 15
OK 0, 0, 15
OK 0, 0, 15
OK 0, 0, 10
OK 0, 0, 280
OK 16, -89, 280
OK 16, -89, 190
OK -28, -97, 190
OK -28, -97, 100
OK -44, -8, 100
OK -44, -8, 10
OK 0, 0, 10
OK 0, 0, 10
OK 0, 0, 5
OK 0, 0, 275
OK 8, -90, 275
OK 8, -90, 185
OK -37, -94, 185
OK -37, -94, 95
OK -45, -4, 95
OK -45, -4, 5
OK 0, 0, 5
OK 0, 0, 5
OK 0, 0, 0
OK 0, 0, 270
OK 0, -90, 270
OK 0, -90, 180
OK -45, -90, 180
OK -45, -90, 90
OK -45, 0, 90
OK -45, 0, 0
OK 0, 0, 0
OK 0, 0, 0
OK 0, 0, 355
OK 0, 0, 265
OK -8, -90, 265
OK -8, -90, 175
OK -53, -86, 175
OK -53, -86, 85
OK -45, 4, 85
OK -45, 4, 355
OK 0, 0, 355
OK 0, 0, 355
OK 0, 0, 350
OK 0, 0, 260
OK -16, -89, 260
OK -16, -89, 170
OK -60, -81, 170
OK -60, -81, 80
OK -44, 8, 80
OK -44, 8, 350
OK 0, 0, 350
OK 0, 0, 350
OK 0, 0, 345
OK 0, 0, 255
OK -23, -87, 255
OK -23, -87, 165
OK -66, -75, 165
OK -66, -75, 75
OK -43, 12, 75
OK -43, 12, 345
OK 0, 0, 345
OK 0, 0, 345
OK 0, 0, 340
OK 0, 0, 250
OK -31, -85, 250
OK -31, -85, 160
OK -73, -70, 160
OK -73, -70, 70
OK -42, 15, 70
OK -42, 15, 340
OK 0, 0, 340
OK 0, 0, 340
OK 0, 0, 335
OK 0, 0, 245
OK -38, -82, 245
OK -38, -82, 155
OK -79, -63, 155
OK -79, -63, 65
OK -41, 19, 65
OK -41, 19, 335
OK 0, 0, 335
OK 0, 0, 335
OK 0, 0, 330
OK 0, 0, 240
OK -45, -78, 240
OK -45, -78, 150
OK -84, -55, 150
OK -84, -55, 60
OK -39, 23, 60
OK -39, 23, 330
OK 0, 0, 330
OK 0, 0, 330
OK 0, 0, 325
OK 0, 0, 235
OK -52, -74, 235
OK -52, -74, 145
OK -89, -48, 145
OK -89, -48, 55
OK -37, 26, 55
OK -37, 26, 325
OK 0, 0, 325
OK 0, 0, 325
OK 0, 0, 320
OK 0, 0, 230
OK -58, -69, 230
OK -58, -69, 140
OK -92, -40, 140
OK -92, -40, 50
OK -34, 29, 50
OK -34, 29, 320
OK 0, 0, 320
OK 0, 0, 320
OK 0, 0, 315
OK 0, 0, 225
OK -64, -64, 225
OK -64, -64, 135
OK -96, -32, 135
OK -96, -32, 45
OK -32, 32, 45
OK -32, 32, 315
OK 0, 0, 315
OK 0, 0, 315
OK 0, 0, 310
OK 0, 0, 220
OK -69, -58, 220
OK -69, -58, 130
OK -98, -24, 130
OK -98, -24, 40
OK -29, 34, 40
OK -29, 34, 310
OK 0, 0, 310
OK 0, 0, 310
OK 0, 0, 305
OK 0, 0, 215
OK -74, -52, 215
OK -74, -52, 125
OK -100, -15, 125
OK -100, -15, 35
OK -26, 37, 35
OK -26, 37, 305
OK 0, 0, 305
OK 0, 0, 305
OK 0, 0, 300
OK 0, 0, 210
OK -78, -45, 210
OK -78, -45, 120
OK -100, -6, 120
OK -100, -6, 30
OK -22, 39, 30
OK -22, 39, 300
OK 1, 0, 300
OK 1, 0, 300
OK 1, 0, 295
OK 1, 0, 205
OK -81, -38, 205
OK -81, -38, 115
OK -100, 3, 115
OK -100, 3, 25
OK -18, 41, 25
OK -18, 41, 295
OK 1, 0, 295
OK 1, 0, 295
OK 1, 0, 290
OK 1, 0, 200
OK -84, -31, 200
OK -84, -31, 110
OK -99, 11, 110
OK -99, 11, 20
OK -14, 42, 20
OK -14, 42, 290
OK 1, 0, 290
OK 1, 0, 290
OK 1, 0, 285
OK 1, 0, 195
OK -86, -23, 195
OK -86, -23, 105
OK -98, 20, 105
OK -98, 20, 15
OK -11, 43, 15
OK -11, 43, 285
OK 1, 0, 285
OK 1, 0, 285
OK 1, 0, 280
OK 1, 0, 190
OK -88, -16, 190
OK -88, -16, 100
OK -96, 28, 100
OK -96, 28, 10
OK -7, 44, 10
OK -7, 44, 280
OK 1, 0, 280
OK 1, 0, 280
OK 1, 0, 275
OK 1, 0, 185
OK -89, -8, 185
OK -89, -8, 95
OK -93, 37, 95
OK -93, 37, 5
OK -3, 45, 5
OK -3, 45, 275
OK 1, 0, 275
OK 1, 0, 275
OK 1, 0, 275
OK 0, 0, 275
OK 0, 0, 275
OK 0, 0, 270
OK 0, 0, 180
OK -90, 0, 180
OK -90, 0, 90
OK -90, 45, 90
OK -90, 45, 0
OK 0, 45, 0
OK 0, 45, 270
OK 0, 0, 270
OK 0, 0, 270
OK 0, 0, 265
OK 0, 0, 175
OK -90, 8, 175
OK -90, 8, 85
OK -86, 53, 85
OK -86, 53, 355
OK 4, 45, 355
OK 4, 45, 265
OK 0, 0, 265
OK 0, 0, 265
OK 0, 0, 260
OK 0, 0, 170
OK -89, 16, 170
OK -89, 16, 80
OK -81, 60, 80
OK -81, 60, 350
OK 8, 44, 350
OK 8, 44, 260
OK 0, 0, 260
OK 0, 0, 260
OK 0, 0, 255
OK 0, 0, 165
OK -87, 23, 165
OK -87, 23, 75
OK -75, 66, 75
OK -75, 66, 345
OK 12, 43, 345
OK 12, 43, 255
OK 0, 0, 255
OK 0, 0, 255
OK 0, 0, 250
OK 0, 0, 160
OK -85, 31, 160
OK -85, 31, 70
OK -70, 73, 70
OK -70, 73, 340
OK 15, 42, 340
OK 15, 42, 250
OK 0, 0, 250
OK 0, 0, 250
OK 0, 0, 245
OK 0, 0, 155
OK -82, 38, 155
OK -82, 38, 65
OK -63, 79, 65
OK -63, 79, 335
OK 19, 41, 335
OK 19, 41, 245
OK 0, 0, 245
OK 0, 0, 245
OK 0, 0, 240
OK 0, 0, 150
OK -78, 45, 150
OK -78, 45, 60
OK -55, 84, 60
OK -55, 84, 330
OK 23, 39, 330
OK 23, 39, 240
OK 0, 0, 240
OK 0, 0, 240
OK 0, 0, 235
OK 0, 0, 145
OK -74, 52, 145
OK -74, 52, 55
OK -48, 89, 55
OK -48, 89, 325
OK 26, 37, 325
OK 26, 37, 235
OK 0, 0, 235
OK 0, 0, 235
OK 0, 0, 230
OK 0, 0, 140
OK -69, 58, 140
OK -69, 58, 50
OK -40, 92, 50
OK -40, 92, 320
OK 29, 34, 320
OK 29, 34, 230
OK 0, 0, 230
OK 0, 0, 230
OK 0, 0, 225
OK 0, 0, 135
OK -64, 64, 135
OK -64, 64, 45
OK -32, 96, 45
OK -32, 96, 315
OK 32, 32, 315
OK 32, 32, 225
OK 0, 0, 225
OK 0, 0, 225
OK 0, 0, 220
OK 0, 0, 130
OK -58, 69, 130
OK -58, 69, 40
OK -24, 98, 40
OK -24, 98, 310
OK 34, 29, 310
OK 34, 29, 220
OK 0, 0, 220
OK 0, 0, 220
OK 0, 0, 215
OK 0, 0, 125
OK -52, 74, 125
OK -52, 74, 35
OK -15, 100, 35
OK -15, 100, 305
OK 37, 26, 305
OK 37, 26, 215
OK 0, 0, 215
OK 0, 0, 215
OK 0, 0, 210
OK 0, 0, 120
OK -45, 78, 120
OK -45, 78, 30
OK -6, 101, 30
OK -6, 101, 300
OK 39, 23, 300
OK 39, 23, 210
OK 0, 0, 210
OK 0, 0, 210
OK 0, 0, 205
OK 0, 0, 115
OK -38, 82, 115
OK -38, 82, 25
OK 3, 101, 25
OK 3, 101, 295
OK 41, 19, 295
OK 41, 19, 205
OK 0, 0, 205
OK 0, 0, 205
OK 0, 0, 200
OK 0, 0, 110
OK -31, 85, 110
OK -31, 85, 20
OK 11, 100, 20
OK 11, 100, 290
OK 42, 15, 290
OK 42, 15, 200
OK 0, 0, 200
OK 0, 0, 200
OK 0, 0, 195
OK 0, 0, 105
OK -23, 87, 105
OK -23, 87, 15
OK 20, 99, 15
OK 20, 99, 285
OK 43, 12, 285
OK 43, 12, 195
OK 0, 0, 195
OK 0, 0, 195
OK 0, 0, 190
OK 0, 0, 100
OK -16, 89, 100
OK -16, 89, 10
OK 28, 97, 10
OK 28, 97, 280
OK 44, 8, 280
OK 44, 8, 190
OK 0, 0, 190
OK 0, 0, 190
OK 0, 0, 185
OK 0, 0, 95
OK -8, 90, 95
OK -8, 90, 5
OK 37, 94, 5
OK 37, 94, 275
OK 45, 4, 275
OK 45, 4, 185
OK 0, 0, 185
OK 0, 0, 185
OK 0, 0, 180
OK 0, 0, 90
OK 0, 90, 90
OK 0, 90, 0
OK 45, 90, 0
OK 45, 90, 270
OK 45, 0, 270
OK 45, 0, 180
OK 0, 0, 180
OK 0, 0, 180
OK 0, 0, 175
OK 0, 0, 85
OK 8, 90, 85
OK 8, 90, 355
OK 53, 86, 355
OK 53, 86, 265
OK 45, -4, 265
OK 45, -4, 175
OK 0, 0, 175
OK 0, 0, 175
OK 0, 0, 170
OK 0, 0, 80
OK 16, 89, 80
OK 16, 89, 350
OK 60, 81, 350
OK 60, 81, 260
OK 44, -8, 260
OK 44, -8, 170
OK 0, 0, 170
OK 0, 0, 170
OK 0, 0, 165
OK 0, 0, 75
OK 23, 87, 75
OK 23, 87, 345
OK 66, 75, 345
OK 66, 75, 255
OK 43, -12, 255
OK 43, -12, 165
OK 0, 0, 165
OK 0, 0, 165
OK 0, 0, 160
OK 0, 0, 70
OK 31, 85, 70
OK 31, 85, 340
OK 73, 70, 340
OK 73, 70, 250
OK 42, -15, 250
OK 42, -15, 160
OK 0, 0, 160
OK 0, 0, 160
OK 0, 0, 155
OK 0, 0, 65
OK 38, 82, 65
OK 38, 82, 335
OK 79, 63, 335
OK 79, 63, 245
OK 41, -19, 245
OK 41, -19, 155
OK 0, 0, 155
OK 0, 0, 155
OK 0, 0, 150
OK 0, 0, 60
OK 45, 78, 60
OK 45, 78, 330
OK 84, 55, 330
OK 84, 55, 240
OK 39, -23, 240
OK 39, -23, 150
OK 0, -1, 150
OK 0, -1, 150
OK 0, -1, 145
OK 0, -1, 55
OK 52, 73, 55
OK 52, 73, 325
OK 89, 47, 325
OK 89, 47, 235
OK 37, -27, 235
OK 37, -27, 145
OK 0, -1, 145
OK 0, -1, 145
OK 0, -1, 140
OK 0, -1, 50
OK 58, 68, 50
OK 58, 68, 320
OK 92, 39, 320
OK 92, 39, 230
OK 34, -30, 230
OK 34, -30, 140
OK 0, -1, 140
OK 0, -1, 140
OK 0, -1, 135
OK 0, -1, 45
OK 64, 63, 45
OK 64, 63, 315
OK 96, 31, 315
OK 96, 31, 225
OK 32, -33, 225
OK 32, -33, 135
OK 0, -1, 135
OK 0, -1, 135
OK 0, -1, 130
OK 0, -1, 40
OK 69, 57, 40
OK 69, 57, 310
OK 98, 23, 310
OK 98, 23, 220
OK 29, -35, 220
OK 29, -35, 130
OK 0, -1, 130
OK 0, -1, 130
OK 0, -1, 125
OK 0, -1, 35
OK 74, 51, 35
OK 74, 51, 305
OK 100, 14, 305
OK 100, 14, 215
OK 26, -38, 215
OK 26, -38, 125
OK 0, -1, 125
OK 0, -1, 125
OK 0, -1, 120
OK 0, -1, 30
OK 78, 44, 30
OK 78, 44, 300
OK 101, 5, 300
OK 101, 5, 210
OK 23, -40, 210
OK 23, -40, 120
OK 1, -1, 120
OK 1, -1, 120
OK 1, -1, 115
OK 1, -1, 25
OK 83, 37, 25
OK 83, 37, 295
OK 102, -4, 295
OK 102, -4, 205
OK 20, -42, 205
OK 20, -42, 115
OK 1, -1, 115
OK 1, -1, 115
OK 1, -1, 110
OK 1, -1, 20
OK 86, 30, 20
OK 86, 30, 290
OK 101, -12, 290
OK 101, -12, 200
OK 16, -43, 200
OK 16, -43, 110
OK 1, -1, 110
OK 1, -1, 110
OK 1, -1, 105
OK 1, -1, 15
OK 88, 22, 15
OK 88, 22, 285
OK 100, -21, 285
OK 100, -21, 195
OK 13, -44, 195
OK 13, -44, 105
OK 1, -1, 105
OK 1, -1, 105
OK 1, -1, 100
OK 1, -1, 10
OK 90, 15, 10
OK 90, 15, 280
OK 98, -29, 280
OK 98, -29, 190
OK 9, -45, 190
OK 9, -45, 100
OK 1, -1, 100
OK 1, -1, 100
